CRITICAL - 2022-07-22 14:57:46 --> Object of class stdClass could not be converted to string
in APPPATH\Controllers\Admin\Users.php on line 80.
 1 APPPATH\Controllers\Admin\Users.php(60): App\Controllers\Admin\Users->searchUserOr404(1)
 2 SYSTEMPATH\CodeIgniter.php(896): App\Controllers\Admin\Users->show('1')
 3 SYSTEMPATH\CodeIgniter.php(466): CodeIgniter\CodeIgniter->runController(Object(App\Controllers\Admin\Users))
 4 SYSTEMPATH\CodeIgniter.php(349): CodeIgniter\CodeIgniter->handleRequest(null, Object(Config\Cache), false)
 5 FCPATH\index.php(55): CodeIgniter\CodeIgniter->run()
CRITICAL - 2022-07-22 18:13:07 --> Undefined property: stdClass::$nome
in APPPATH\Controllers\Admin\Users.php on line 64.
 1 APPPATH\Controllers\Admin\Users.php(64): CodeIgniter\Debug\Exceptions->errorHandler(8, 'Undefined property: stdClass::$nome', 'APPPATH\\Controllers\\Admin\\Users.php', 64, [...])
 2 SYSTEMPATH\CodeIgniter.php(896): App\Controllers\Admin\Users->show('1')
 3 SYSTEMPATH\CodeIgniter.php(466): CodeIgniter\CodeIgniter->runController(Object(App\Controllers\Admin\Users))
 4 SYSTEMPATH\CodeIgniter.php(349): CodeIgniter\CodeIgniter->handleRequest(null, Object(Config\Cache), false)
 5 FCPATH\index.php(55): CodeIgniter\CodeIgniter->run()
CRITICAL - 2022-07-22 18:14:38 --> Undefined variable: title
in APPPATH\Views\Admin\Users\show.php on line 11.
 1 APPPATH\Views\Admin\Users\show.php(11): CodeIgniter\Debug\Exceptions->errorHandler(8, 'Undefined variable: title', 'APPPATH\\Views\\Admin\\Users\\show.php', 11, [...])
 2 SYSTEMPATH\View\View.php(213): include('APPPATH\\Views\\Admin\\Users\\show.php')
 3 SYSTEMPATH\View\View.php(216): CodeIgniter\View\View->CodeIgniter\View\{closure}()
 4 SYSTEMPATH\Common.php(1135): CodeIgniter\View\View->render('Admin/Users/show', [], true)
 5 APPPATH\Controllers\Admin\Users.php(69): view('Admin/Users/show', [...])
 6 SYSTEMPATH\CodeIgniter.php(896): App\Controllers\Admin\Users->show('1')
 7 SYSTEMPATH\CodeIgniter.php(466): CodeIgniter\CodeIgniter->runController(Object(App\Controllers\Admin\Users))
 8 SYSTEMPATH\CodeIgniter.php(349): CodeIgniter\CodeIgniter->handleRequest(null, Object(Config\Cache), false)
 9 FCPATH\index.php(55): CodeIgniter\CodeIgniter->run()
CRITICAL - 2022-07-22 18:15:08 --> Undefined variable: title
in APPPATH\Views\Admin\Users\show.php on line 27.
 1 APPPATH\Views\Admin\Users\show.php(27): CodeIgniter\Debug\Exceptions->errorHandler(8, 'Undefined variable: title', 'APPPATH\\Views\\Admin\\Users\\show.php', 27, [...])
 2 SYSTEMPATH\View\View.php(213): include('APPPATH\\Views\\Admin\\Users\\show.php')
 3 SYSTEMPATH\View\View.php(216): CodeIgniter\View\View->CodeIgniter\View\{closure}()
 4 SYSTEMPATH\Common.php(1135): CodeIgniter\View\View->render('Admin/Users/show', [], true)
 5 APPPATH\Controllers\Admin\Users.php(69): view('Admin/Users/show', [...])
 6 SYSTEMPATH\CodeIgniter.php(896): App\Controllers\Admin\Users->show('1')
 7 SYSTEMPATH\CodeIgniter.php(466): CodeIgniter\CodeIgniter->runController(Object(App\Controllers\Admin\Users))
 8 SYSTEMPATH\CodeIgniter.php(349): CodeIgniter\CodeIgniter->handleRequest(null, Object(Config\Cache), false)
 9 FCPATH\index.php(55): CodeIgniter\CodeIgniter->run()
CRITICAL - 2022-07-22 18:18:22 --> Argument 1 passed to App\Controllers\Admin\Users::searchUserOr404() must be of the type int or null, string given, called in C:\laragon\www\food\app\Controllers\Admin\Users.php on line 60
in APPPATH\Controllers\Admin\Users.php on line 77.
 1 APPPATH\Controllers\Admin\Users.php(60): App\Controllers\Admin\Users->searchUserOr404('images')
 2 SYSTEMPATH\CodeIgniter.php(896): App\Controllers\Admin\Users->show('images', 'logo.svg')
 3 SYSTEMPATH\CodeIgniter.php(466): CodeIgniter\CodeIgniter->runController(Object(App\Controllers\Admin\Users))
 4 SYSTEMPATH\CodeIgniter.php(349): CodeIgniter\CodeIgniter->handleRequest(null, Object(Config\Cache), false)
 5 FCPATH\index.php(55): CodeIgniter\CodeIgniter->run()
CRITICAL - 2022-07-22 18:18:22 --> Argument 1 passed to App\Controllers\Admin\Users::searchUserOr404() must be of the type int or null, string given, called in C:\laragon\www\food\app\Controllers\Admin\Users.php on line 60
in APPPATH\Controllers\Admin\Users.php on line 77.
 1 APPPATH\Controllers\Admin\Users.php(60): App\Controllers\Admin\Users->searchUserOr404('images')
 2 SYSTEMPATH\CodeIgniter.php(896): App\Controllers\Admin\Users->show('images', 'logo-mini.svg')
 3 SYSTEMPATH\CodeIgniter.php(466): CodeIgniter\CodeIgniter->runController(Object(App\Controllers\Admin\Users))
 4 SYSTEMPATH\CodeIgniter.php(349): CodeIgniter\CodeIgniter->handleRequest(null, Object(Config\Cache), false)
 5 FCPATH\index.php(55): CodeIgniter\CodeIgniter->run()
CRITICAL - 2022-07-22 18:18:22 --> Argument 1 passed to App\Controllers\Admin\Users::searchUserOr404() must be of the type int or null, string given, called in C:\laragon\www\food\app\Controllers\Admin\Users.php on line 60
in APPPATH\Controllers\Admin\Users.php on line 77.
 1 APPPATH\Controllers\Admin\Users.php(60): App\Controllers\Admin\Users->searchUserOr404('images')
 2 SYSTEMPATH\CodeIgniter.php(896): App\Controllers\Admin\Users->show('images', 'faces', 'face2.jpg')
 3 SYSTEMPATH\CodeIgniter.php(466): CodeIgniter\CodeIgniter->runController(Object(App\Controllers\Admin\Users))
 4 SYSTEMPATH\CodeIgniter.php(349): CodeIgniter\CodeIgniter->handleRequest(null, Object(Config\Cache), false)
 5 FCPATH\index.php(55): CodeIgniter\CodeIgniter->run()
CRITICAL - 2022-07-22 18:18:22 --> Argument 1 passed to App\Controllers\Admin\Users::searchUserOr404() must be of the type int or null, string given, called in C:\laragon\www\food\app\Controllers\Admin\Users.php on line 60
in APPPATH\Controllers\Admin\Users.php on line 77.
 1 APPPATH\Controllers\Admin\Users.php(60): App\Controllers\Admin\Users->searchUserOr404('images')
 2 SYSTEMPATH\CodeIgniter.php(896): App\Controllers\Admin\Users->show('images', 'faces', 'face5.jpg')
 3 SYSTEMPATH\CodeIgniter.php(466): CodeIgniter\CodeIgniter->runController(Object(App\Controllers\Admin\Users))
 4 SYSTEMPATH\CodeIgniter.php(349): CodeIgniter\CodeIgniter->handleRequest(null, Object(Config\Cache), false)
 5 FCPATH\index.php(55): CodeIgniter\CodeIgniter->run()
CRITICAL - 2022-07-22 18:18:22 --> Argument 1 passed to App\Controllers\Admin\Users::searchUserOr404() must be of the type int or null, string given, called in C:\laragon\www\food\app\Controllers\Admin\Users.php on line 60
in APPPATH\Controllers\Admin\Users.php on line 77.
 1 APPPATH\Controllers\Admin\Users.php(60): App\Controllers\Admin\Users->searchUserOr404('images')
 2 SYSTEMPATH\CodeIgniter.php(896): App\Controllers\Admin\Users->show('images', 'faces', 'face4.jpg')
 3 SYSTEMPATH\CodeIgniter.php(466): CodeIgniter\CodeIgniter->runController(Object(App\Controllers\Admin\Users))
 4 SYSTEMPATH\CodeIgniter.php(349): CodeIgniter\CodeIgniter->handleRequest(null, Object(Config\Cache), false)
 5 FCPATH\index.php(55): CodeIgniter\CodeIgniter->run()
CRITICAL - 2022-07-22 18:18:22 --> Argument 1 passed to App\Controllers\Admin\Users::searchUserOr404() must be of the type int or null, string given, called in C:\laragon\www\food\app\Controllers\Admin\Users.php on line 60
in APPPATH\Controllers\Admin\Users.php on line 77.
 1 APPPATH\Controllers\Admin\Users.php(60): App\Controllers\Admin\Users->searchUserOr404('images')
 2 SYSTEMPATH\CodeIgniter.php(896): App\Controllers\Admin\Users->show('images', 'faces', 'face3.jpg')
 3 SYSTEMPATH\CodeIgniter.php(466): CodeIgniter\CodeIgniter->runController(Object(App\Controllers\Admin\Users))
 4 SYSTEMPATH\CodeIgniter.php(349): CodeIgniter\CodeIgniter->handleRequest(null, Object(Config\Cache), false)
 5 FCPATH\index.php(55): CodeIgniter\CodeIgniter->run()
CRITICAL - 2022-07-22 18:19:17 --> Argument 1 passed to App\Controllers\Admin\Users::searchUserOr404() must be of the type int or null, string given, called in C:\laragon\www\food\app\Controllers\Admin\Users.php on line 60
in APPPATH\Controllers\Admin\Users.php on line 77.
 1 APPPATH\Controllers\Admin\Users.php(60): App\Controllers\Admin\Users->searchUserOr404('images')
 2 SYSTEMPATH\CodeIgniter.php(896): App\Controllers\Admin\Users->show('images', 'logo-mini.svg')
 3 SYSTEMPATH\CodeIgniter.php(466): CodeIgniter\CodeIgniter->runController(Object(App\Controllers\Admin\Users))
 4 SYSTEMPATH\CodeIgniter.php(349): CodeIgniter\CodeIgniter->handleRequest(null, Object(Config\Cache), false)
 5 FCPATH\index.php(55): CodeIgniter\CodeIgniter->run()
CRITICAL - 2022-07-22 18:19:17 --> Argument 1 passed to App\Controllers\Admin\Users::searchUserOr404() must be of the type int or null, string given, called in C:\laragon\www\food\app\Controllers\Admin\Users.php on line 60
in APPPATH\Controllers\Admin\Users.php on line 77.
 1 APPPATH\Controllers\Admin\Users.php(60): App\Controllers\Admin\Users->searchUserOr404('images')
 2 SYSTEMPATH\CodeIgniter.php(896): App\Controllers\Admin\Users->show('images', 'logo.svg')
 3 SYSTEMPATH\CodeIgniter.php(466): CodeIgniter\CodeIgniter->runController(Object(App\Controllers\Admin\Users))
 4 SYSTEMPATH\CodeIgniter.php(349): CodeIgniter\CodeIgniter->handleRequest(null, Object(Config\Cache), false)
 5 FCPATH\index.php(55): CodeIgniter\CodeIgniter->run()
CRITICAL - 2022-07-22 18:19:17 --> Argument 1 passed to App\Controllers\Admin\Users::searchUserOr404() must be of the type int or null, string given, called in C:\laragon\www\food\app\Controllers\Admin\Users.php on line 60
in APPPATH\Controllers\Admin\Users.php on line 77.
 1 APPPATH\Controllers\Admin\Users.php(60): App\Controllers\Admin\Users->searchUserOr404('images')
 2 SYSTEMPATH\CodeIgniter.php(896): App\Controllers\Admin\Users->show('images', 'faces', 'face4.jpg')
 3 SYSTEMPATH\CodeIgniter.php(466): CodeIgniter\CodeIgniter->runController(Object(App\Controllers\Admin\Users))
 4 SYSTEMPATH\CodeIgniter.php(349): CodeIgniter\CodeIgniter->handleRequest(null, Object(Config\Cache), false)
 5 FCPATH\index.php(55): CodeIgniter\CodeIgniter->run()
CRITICAL - 2022-07-22 18:19:17 --> Argument 1 passed to App\Controllers\Admin\Users::searchUserOr404() must be of the type int or null, string given, called in C:\laragon\www\food\app\Controllers\Admin\Users.php on line 60
in APPPATH\Controllers\Admin\Users.php on line 77.
 1 APPPATH\Controllers\Admin\Users.php(60): App\Controllers\Admin\Users->searchUserOr404('images')
 2 SYSTEMPATH\CodeIgniter.php(896): App\Controllers\Admin\Users->show('images', 'faces', 'face3.jpg')
 3 SYSTEMPATH\CodeIgniter.php(466): CodeIgniter\CodeIgniter->runController(Object(App\Controllers\Admin\Users))
 4 SYSTEMPATH\CodeIgniter.php(349): CodeIgniter\CodeIgniter->handleRequest(null, Object(Config\Cache), false)
 5 FCPATH\index.php(55): CodeIgniter\CodeIgniter->run()
CRITICAL - 2022-07-22 18:19:17 --> Argument 1 passed to App\Controllers\Admin\Users::searchUserOr404() must be of the type int or null, string given, called in C:\laragon\www\food\app\Controllers\Admin\Users.php on line 60
in APPPATH\Controllers\Admin\Users.php on line 77.
 1 APPPATH\Controllers\Admin\Users.php(60): App\Controllers\Admin\Users->searchUserOr404('images')
 2 SYSTEMPATH\CodeIgniter.php(896): App\Controllers\Admin\Users->show('images', 'faces', 'face2.jpg')
 3 SYSTEMPATH\CodeIgniter.php(466): CodeIgniter\CodeIgniter->runController(Object(App\Controllers\Admin\Users))
 4 SYSTEMPATH\CodeIgniter.php(349): CodeIgniter\CodeIgniter->handleRequest(null, Object(Config\Cache), false)
 5 FCPATH\index.php(55): CodeIgniter\CodeIgniter->run()
CRITICAL - 2022-07-22 18:19:17 --> Argument 1 passed to App\Controllers\Admin\Users::searchUserOr404() must be of the type int or null, string given, called in C:\laragon\www\food\app\Controllers\Admin\Users.php on line 60
in APPPATH\Controllers\Admin\Users.php on line 77.
 1 APPPATH\Controllers\Admin\Users.php(60): App\Controllers\Admin\Users->searchUserOr404('images')
 2 SYSTEMPATH\CodeIgniter.php(896): App\Controllers\Admin\Users->show('images', 'faces', 'face5.jpg')
 3 SYSTEMPATH\CodeIgniter.php(466): CodeIgniter\CodeIgniter->runController(Object(App\Controllers\Admin\Users))
 4 SYSTEMPATH\CodeIgniter.php(349): CodeIgniter\CodeIgniter->handleRequest(null, Object(Config\Cache), false)
 5 FCPATH\index.php(55): CodeIgniter\CodeIgniter->run()
CRITICAL - 2022-07-22 19:02:19 --> Argument 1 passed to App\Controllers\Admin\Users::searchUserOr404() must be of the type int or null, string given, called in C:\laragon\www\food\app\Controllers\Admin\Users.php on line 58
in APPPATH\Controllers\Admin\Users.php on line 74.
 1 APPPATH\Controllers\Admin\Users.php(58): App\Controllers\Admin\Users->searchUserOr404('images')
 2 SYSTEMPATH\CodeIgniter.php(896): App\Controllers\Admin\Users->show('images', 'logo.svg')
 3 SYSTEMPATH\CodeIgniter.php(466): CodeIgniter\CodeIgniter->runController(Object(App\Controllers\Admin\Users))
 4 SYSTEMPATH\CodeIgniter.php(349): CodeIgniter\CodeIgniter->handleRequest(null, Object(Config\Cache), false)
 5 FCPATH\index.php(55): CodeIgniter\CodeIgniter->run()
CRITICAL - 2022-07-22 19:02:19 --> Argument 1 passed to App\Controllers\Admin\Users::searchUserOr404() must be of the type int or null, string given, called in C:\laragon\www\food\app\Controllers\Admin\Users.php on line 58
in APPPATH\Controllers\Admin\Users.php on line 74.
 1 APPPATH\Controllers\Admin\Users.php(58): App\Controllers\Admin\Users->searchUserOr404('images')
 2 SYSTEMPATH\CodeIgniter.php(896): App\Controllers\Admin\Users->show('images', 'logo-mini.svg')
 3 SYSTEMPATH\CodeIgniter.php(466): CodeIgniter\CodeIgniter->runController(Object(App\Controllers\Admin\Users))
 4 SYSTEMPATH\CodeIgniter.php(349): CodeIgniter\CodeIgniter->handleRequest(null, Object(Config\Cache), false)
 5 FCPATH\index.php(55): CodeIgniter\CodeIgniter->run()
CRITICAL - 2022-07-22 19:02:20 --> Argument 1 passed to App\Controllers\Admin\Users::searchUserOr404() must be of the type int or null, string given, called in C:\laragon\www\food\app\Controllers\Admin\Users.php on line 58
in APPPATH\Controllers\Admin\Users.php on line 74.
 1 APPPATH\Controllers\Admin\Users.php(58): App\Controllers\Admin\Users->searchUserOr404('images')
 2 SYSTEMPATH\CodeIgniter.php(896): App\Controllers\Admin\Users->show('images', 'faces', 'face3.jpg')
 3 SYSTEMPATH\CodeIgniter.php(466): CodeIgniter\CodeIgniter->runController(Object(App\Controllers\Admin\Users))
 4 SYSTEMPATH\CodeIgniter.php(349): CodeIgniter\CodeIgniter->handleRequest(null, Object(Config\Cache), false)
 5 FCPATH\index.php(55): CodeIgniter\CodeIgniter->run()
CRITICAL - 2022-07-22 19:02:20 --> Argument 1 passed to App\Controllers\Admin\Users::searchUserOr404() must be of the type int or null, string given, called in C:\laragon\www\food\app\Controllers\Admin\Users.php on line 58
in APPPATH\Controllers\Admin\Users.php on line 74.
 1 APPPATH\Controllers\Admin\Users.php(58): App\Controllers\Admin\Users->searchUserOr404('images')
 2 SYSTEMPATH\CodeIgniter.php(896): App\Controllers\Admin\Users->show('images', 'faces', 'face2.jpg')
 3 SYSTEMPATH\CodeIgniter.php(466): CodeIgniter\CodeIgniter->runController(Object(App\Controllers\Admin\Users))
 4 SYSTEMPATH\CodeIgniter.php(349): CodeIgniter\CodeIgniter->handleRequest(null, Object(Config\Cache), false)
 5 FCPATH\index.php(55): CodeIgniter\CodeIgniter->run()
CRITICAL - 2022-07-22 19:02:20 --> Argument 1 passed to App\Controllers\Admin\Users::searchUserOr404() must be of the type int or null, string given, called in C:\laragon\www\food\app\Controllers\Admin\Users.php on line 58
in APPPATH\Controllers\Admin\Users.php on line 74.
 1 APPPATH\Controllers\Admin\Users.php(58): App\Controllers\Admin\Users->searchUserOr404('images')
 2 SYSTEMPATH\CodeIgniter.php(896): App\Controllers\Admin\Users->show('images', 'faces', 'face4.jpg')
 3 SYSTEMPATH\CodeIgniter.php(466): CodeIgniter\CodeIgniter->runController(Object(App\Controllers\Admin\Users))
 4 SYSTEMPATH\CodeIgniter.php(349): CodeIgniter\CodeIgniter->handleRequest(null, Object(Config\Cache), false)
 5 FCPATH\index.php(55): CodeIgniter\CodeIgniter->run()
CRITICAL - 2022-07-22 19:02:20 --> Argument 1 passed to App\Controllers\Admin\Users::searchUserOr404() must be of the type int or null, string given, called in C:\laragon\www\food\app\Controllers\Admin\Users.php on line 58
in APPPATH\Controllers\Admin\Users.php on line 74.
 1 APPPATH\Controllers\Admin\Users.php(58): App\Controllers\Admin\Users->searchUserOr404('images')
 2 SYSTEMPATH\CodeIgniter.php(896): App\Controllers\Admin\Users->show('images', 'faces', 'face5.jpg')
 3 SYSTEMPATH\CodeIgniter.php(466): CodeIgniter\CodeIgniter->runController(Object(App\Controllers\Admin\Users))
 4 SYSTEMPATH\CodeIgniter.php(349): CodeIgniter\CodeIgniter->handleRequest(null, Object(Config\Cache), false)
 5 FCPATH\index.php(55): CodeIgniter\CodeIgniter->run()
CRITICAL - 2022-07-22 19:02:33 --> Argument 1 passed to App\Controllers\Admin\Users::searchUserOr404() must be of the type int or null, string given, called in C:\laragon\www\food\app\Controllers\Admin\Users.php on line 58
in APPPATH\Controllers\Admin\Users.php on line 74.
 1 APPPATH\Controllers\Admin\Users.php(58): App\Controllers\Admin\Users->searchUserOr404('images')
 2 SYSTEMPATH\CodeIgniter.php(896): App\Controllers\Admin\Users->show('images', 'logo.svg')
 3 SYSTEMPATH\CodeIgniter.php(466): CodeIgniter\CodeIgniter->runController(Object(App\Controllers\Admin\Users))
 4 SYSTEMPATH\CodeIgniter.php(349): CodeIgniter\CodeIgniter->handleRequest(null, Object(Config\Cache), false)
 5 FCPATH\index.php(55): CodeIgniter\CodeIgniter->run()
CRITICAL - 2022-07-22 19:02:33 --> Argument 1 passed to App\Controllers\Admin\Users::searchUserOr404() must be of the type int or null, string given, called in C:\laragon\www\food\app\Controllers\Admin\Users.php on line 58
in APPPATH\Controllers\Admin\Users.php on line 74.
 1 APPPATH\Controllers\Admin\Users.php(58): App\Controllers\Admin\Users->searchUserOr404('images')
 2 SYSTEMPATH\CodeIgniter.php(896): App\Controllers\Admin\Users->show('images', 'logo-mini.svg')
 3 SYSTEMPATH\CodeIgniter.php(466): CodeIgniter\CodeIgniter->runController(Object(App\Controllers\Admin\Users))
 4 SYSTEMPATH\CodeIgniter.php(349): CodeIgniter\CodeIgniter->handleRequest(null, Object(Config\Cache), false)
 5 FCPATH\index.php(55): CodeIgniter\CodeIgniter->run()
CRITICAL - 2022-07-22 19:02:33 --> Argument 1 passed to App\Controllers\Admin\Users::searchUserOr404() must be of the type int or null, string given, called in C:\laragon\www\food\app\Controllers\Admin\Users.php on line 58
in APPPATH\Controllers\Admin\Users.php on line 74.
 1 APPPATH\Controllers\Admin\Users.php(58): App\Controllers\Admin\Users->searchUserOr404('images')
 2 SYSTEMPATH\CodeIgniter.php(896): App\Controllers\Admin\Users->show('images', 'faces', 'face2.jpg')
 3 SYSTEMPATH\CodeIgniter.php(466): CodeIgniter\CodeIgniter->runController(Object(App\Controllers\Admin\Users))
 4 SYSTEMPATH\CodeIgniter.php(349): CodeIgniter\CodeIgniter->handleRequest(null, Object(Config\Cache), false)
 5 FCPATH\index.php(55): CodeIgniter\CodeIgniter->run()
CRITICAL - 2022-07-22 19:02:33 --> Argument 1 passed to App\Controllers\Admin\Users::searchUserOr404() must be of the type int or null, string given, called in C:\laragon\www\food\app\Controllers\Admin\Users.php on line 58
in APPPATH\Controllers\Admin\Users.php on line 74.
 1 APPPATH\Controllers\Admin\Users.php(58): App\Controllers\Admin\Users->searchUserOr404('images')
 2 SYSTEMPATH\CodeIgniter.php(896): App\Controllers\Admin\Users->show('images', 'faces', 'face3.jpg')
 3 SYSTEMPATH\CodeIgniter.php(466): CodeIgniter\CodeIgniter->runController(Object(App\Controllers\Admin\Users))
 4 SYSTEMPATH\CodeIgniter.php(349): CodeIgniter\CodeIgniter->handleRequest(null, Object(Config\Cache), false)
 5 FCPATH\index.php(55): CodeIgniter\CodeIgniter->run()
CRITICAL - 2022-07-22 19:02:33 --> Argument 1 passed to App\Controllers\Admin\Users::searchUserOr404() must be of the type int or null, string given, called in C:\laragon\www\food\app\Controllers\Admin\Users.php on line 58
in APPPATH\Controllers\Admin\Users.php on line 74.
 1 APPPATH\Controllers\Admin\Users.php(58): App\Controllers\Admin\Users->searchUserOr404('images')
 2 SYSTEMPATH\CodeIgniter.php(896): App\Controllers\Admin\Users->show('images', 'faces', 'face4.jpg')
 3 SYSTEMPATH\CodeIgniter.php(466): CodeIgniter\CodeIgniter->runController(Object(App\Controllers\Admin\Users))
 4 SYSTEMPATH\CodeIgniter.php(349): CodeIgniter\CodeIgniter->handleRequest(null, Object(Config\Cache), false)
 5 FCPATH\index.php(55): CodeIgniter\CodeIgniter->run()
CRITICAL - 2022-07-22 19:02:33 --> Argument 1 passed to App\Controllers\Admin\Users::searchUserOr404() must be of the type int or null, string given, called in C:\laragon\www\food\app\Controllers\Admin\Users.php on line 58
in APPPATH\Controllers\Admin\Users.php on line 74.
 1 APPPATH\Controllers\Admin\Users.php(58): App\Controllers\Admin\Users->searchUserOr404('images')
 2 SYSTEMPATH\CodeIgniter.php(896): App\Controllers\Admin\Users->show('images', 'faces', 'face5.jpg')
 3 SYSTEMPATH\CodeIgniter.php(466): CodeIgniter\CodeIgniter->runController(Object(App\Controllers\Admin\Users))
 4 SYSTEMPATH\CodeIgniter.php(349): CodeIgniter\CodeIgniter->handleRequest(null, Object(Config\Cache), false)
 5 FCPATH\index.php(55): CodeIgniter\CodeIgniter->run()
CRITICAL - 2022-07-22 19:14:55 --> Argument 1 passed to App\Controllers\Admin\Users::searchUserOr404() must be of the type int or null, string given, called in C:\laragon\www\food\app\Controllers\Admin\Users.php on line 58
in APPPATH\Controllers\Admin\Users.php on line 74.
 1 APPPATH\Controllers\Admin\Users.php(58): App\Controllers\Admin\Users->searchUserOr404('images')
 2 SYSTEMPATH\CodeIgniter.php(896): App\Controllers\Admin\Users->show('images', 'logo.svg')
 3 SYSTEMPATH\CodeIgniter.php(466): CodeIgniter\CodeIgniter->runController(Object(App\Controllers\Admin\Users))
 4 SYSTEMPATH\CodeIgniter.php(349): CodeIgniter\CodeIgniter->handleRequest(null, Object(Config\Cache), false)
 5 FCPATH\index.php(55): CodeIgniter\CodeIgniter->run()
CRITICAL - 2022-07-22 19:14:56 --> Argument 1 passed to App\Controllers\Admin\Users::searchUserOr404() must be of the type int or null, string given, called in C:\laragon\www\food\app\Controllers\Admin\Users.php on line 58
in APPPATH\Controllers\Admin\Users.php on line 74.
 1 APPPATH\Controllers\Admin\Users.php(58): App\Controllers\Admin\Users->searchUserOr404('images')
 2 SYSTEMPATH\CodeIgniter.php(896): App\Controllers\Admin\Users->show('images', 'logo-mini.svg')
 3 SYSTEMPATH\CodeIgniter.php(466): CodeIgniter\CodeIgniter->runController(Object(App\Controllers\Admin\Users))
 4 SYSTEMPATH\CodeIgniter.php(349): CodeIgniter\CodeIgniter->handleRequest(null, Object(Config\Cache), false)
 5 FCPATH\index.php(55): CodeIgniter\CodeIgniter->run()
CRITICAL - 2022-07-22 19:14:56 --> Argument 1 passed to App\Controllers\Admin\Users::searchUserOr404() must be of the type int or null, string given, called in C:\laragon\www\food\app\Controllers\Admin\Users.php on line 58
in APPPATH\Controllers\Admin\Users.php on line 74.
 1 APPPATH\Controllers\Admin\Users.php(58): App\Controllers\Admin\Users->searchUserOr404('images')
 2 SYSTEMPATH\CodeIgniter.php(896): App\Controllers\Admin\Users->show('images', 'faces', 'face3.jpg')
 3 SYSTEMPATH\CodeIgniter.php(466): CodeIgniter\CodeIgniter->runController(Object(App\Controllers\Admin\Users))
 4 SYSTEMPATH\CodeIgniter.php(349): CodeIgniter\CodeIgniter->handleRequest(null, Object(Config\Cache), false)
 5 FCPATH\index.php(55): CodeIgniter\CodeIgniter->run()
CRITICAL - 2022-07-22 19:14:56 --> Argument 1 passed to App\Controllers\Admin\Users::searchUserOr404() must be of the type int or null, string given, called in C:\laragon\www\food\app\Controllers\Admin\Users.php on line 58
in APPPATH\Controllers\Admin\Users.php on line 74.
 1 APPPATH\Controllers\Admin\Users.php(58): App\Controllers\Admin\Users->searchUserOr404('images')
 2 SYSTEMPATH\CodeIgniter.php(896): App\Controllers\Admin\Users->show('images', 'faces', 'face2.jpg')
 3 SYSTEMPATH\CodeIgniter.php(466): CodeIgniter\CodeIgniter->runController(Object(App\Controllers\Admin\Users))
 4 SYSTEMPATH\CodeIgniter.php(349): CodeIgniter\CodeIgniter->handleRequest(null, Object(Config\Cache), false)
 5 FCPATH\index.php(55): CodeIgniter\CodeIgniter->run()
CRITICAL - 2022-07-22 19:14:56 --> Argument 1 passed to App\Controllers\Admin\Users::searchUserOr404() must be of the type int or null, string given, called in C:\laragon\www\food\app\Controllers\Admin\Users.php on line 58
in APPPATH\Controllers\Admin\Users.php on line 74.
 1 APPPATH\Controllers\Admin\Users.php(58): App\Controllers\Admin\Users->searchUserOr404('images')
 2 SYSTEMPATH\CodeIgniter.php(896): App\Controllers\Admin\Users->show('images', 'faces', 'face4.jpg')
 3 SYSTEMPATH\CodeIgniter.php(466): CodeIgniter\CodeIgniter->runController(Object(App\Controllers\Admin\Users))
 4 SYSTEMPATH\CodeIgniter.php(349): CodeIgniter\CodeIgniter->handleRequest(null, Object(Config\Cache), false)
 5 FCPATH\index.php(55): CodeIgniter\CodeIgniter->run()
CRITICAL - 2022-07-22 19:14:56 --> Argument 1 passed to App\Controllers\Admin\Users::searchUserOr404() must be of the type int or null, string given, called in C:\laragon\www\food\app\Controllers\Admin\Users.php on line 58
in APPPATH\Controllers\Admin\Users.php on line 74.
 1 APPPATH\Controllers\Admin\Users.php(58): App\Controllers\Admin\Users->searchUserOr404('images')
 2 SYSTEMPATH\CodeIgniter.php(896): App\Controllers\Admin\Users->show('images', 'faces', 'face5.jpg')
 3 SYSTEMPATH\CodeIgniter.php(466): CodeIgniter\CodeIgniter->runController(Object(App\Controllers\Admin\Users))
 4 SYSTEMPATH\CodeIgniter.php(349): CodeIgniter\CodeIgniter->handleRequest(null, Object(Config\Cache), false)
 5 FCPATH\index.php(55): CodeIgniter\CodeIgniter->run()
CRITICAL - 2022-07-22 19:19:17 --> Argument 1 passed to App\Controllers\Admin\Users::searchUserOr404() must be of the type int or null, string given, called in C:\laragon\www\food\app\Controllers\Admin\Users.php on line 58
in APPPATH\Controllers\Admin\Users.php on line 74.
 1 APPPATH\Controllers\Admin\Users.php(58): App\Controllers\Admin\Users->searchUserOr404('images')
 2 SYSTEMPATH\CodeIgniter.php(896): App\Controllers\Admin\Users->show('images', 'logo-mini.svg')
 3 SYSTEMPATH\CodeIgniter.php(466): CodeIgniter\CodeIgniter->runController(Object(App\Controllers\Admin\Users))
 4 SYSTEMPATH\CodeIgniter.php(349): CodeIgniter\CodeIgniter->handleRequest(null, Object(Config\Cache), false)
 5 FCPATH\index.php(55): CodeIgniter\CodeIgniter->run()
CRITICAL - 2022-07-22 19:19:17 --> Argument 1 passed to App\Controllers\Admin\Users::searchUserOr404() must be of the type int or null, string given, called in C:\laragon\www\food\app\Controllers\Admin\Users.php on line 58
in APPPATH\Controllers\Admin\Users.php on line 74.
 1 APPPATH\Controllers\Admin\Users.php(58): App\Controllers\Admin\Users->searchUserOr404('images')
 2 SYSTEMPATH\CodeIgniter.php(896): App\Controllers\Admin\Users->show('images', 'logo.svg')
 3 SYSTEMPATH\CodeIgniter.php(466): CodeIgniter\CodeIgniter->runController(Object(App\Controllers\Admin\Users))
 4 SYSTEMPATH\CodeIgniter.php(349): CodeIgniter\CodeIgniter->handleRequest(null, Object(Config\Cache), false)
 5 FCPATH\index.php(55): CodeIgniter\CodeIgniter->run()
CRITICAL - 2022-07-22 19:19:17 --> Argument 1 passed to App\Controllers\Admin\Users::searchUserOr404() must be of the type int or null, string given, called in C:\laragon\www\food\app\Controllers\Admin\Users.php on line 58
in APPPATH\Controllers\Admin\Users.php on line 74.
 1 APPPATH\Controllers\Admin\Users.php(58): App\Controllers\Admin\Users->searchUserOr404('images')
 2 SYSTEMPATH\CodeIgniter.php(896): App\Controllers\Admin\Users->show('images', 'faces', 'face2.jpg')
 3 SYSTEMPATH\CodeIgniter.php(466): CodeIgniter\CodeIgniter->runController(Object(App\Controllers\Admin\Users))
 4 SYSTEMPATH\CodeIgniter.php(349): CodeIgniter\CodeIgniter->handleRequest(null, Object(Config\Cache), false)
 5 FCPATH\index.php(55): CodeIgniter\CodeIgniter->run()
CRITICAL - 2022-07-22 19:19:17 --> Argument 1 passed to App\Controllers\Admin\Users::searchUserOr404() must be of the type int or null, string given, called in C:\laragon\www\food\app\Controllers\Admin\Users.php on line 58
in APPPATH\Controllers\Admin\Users.php on line 74.
 1 APPPATH\Controllers\Admin\Users.php(58): App\Controllers\Admin\Users->searchUserOr404('images')
 2 SYSTEMPATH\CodeIgniter.php(896): App\Controllers\Admin\Users->show('images', 'faces', 'face3.jpg')
 3 SYSTEMPATH\CodeIgniter.php(466): CodeIgniter\CodeIgniter->runController(Object(App\Controllers\Admin\Users))
 4 SYSTEMPATH\CodeIgniter.php(349): CodeIgniter\CodeIgniter->handleRequest(null, Object(Config\Cache), false)
 5 FCPATH\index.php(55): CodeIgniter\CodeIgniter->run()
CRITICAL - 2022-07-22 19:19:17 --> Argument 1 passed to App\Controllers\Admin\Users::searchUserOr404() must be of the type int or null, string given, called in C:\laragon\www\food\app\Controllers\Admin\Users.php on line 58
in APPPATH\Controllers\Admin\Users.php on line 74.
 1 APPPATH\Controllers\Admin\Users.php(58): App\Controllers\Admin\Users->searchUserOr404('images')
 2 SYSTEMPATH\CodeIgniter.php(896): App\Controllers\Admin\Users->show('images', 'faces', 'face5.jpg')
 3 SYSTEMPATH\CodeIgniter.php(466): CodeIgniter\CodeIgniter->runController(Object(App\Controllers\Admin\Users))
 4 SYSTEMPATH\CodeIgniter.php(349): CodeIgniter\CodeIgniter->handleRequest(null, Object(Config\Cache), false)
 5 FCPATH\index.php(55): CodeIgniter\CodeIgniter->run()
CRITICAL - 2022-07-22 19:19:17 --> Argument 1 passed to App\Controllers\Admin\Users::searchUserOr404() must be of the type int or null, string given, called in C:\laragon\www\food\app\Controllers\Admin\Users.php on line 58
in APPPATH\Controllers\Admin\Users.php on line 74.
 1 APPPATH\Controllers\Admin\Users.php(58): App\Controllers\Admin\Users->searchUserOr404('images')
 2 SYSTEMPATH\CodeIgniter.php(896): App\Controllers\Admin\Users->show('images', 'faces', 'face4.jpg')
 3 SYSTEMPATH\CodeIgniter.php(466): CodeIgniter\CodeIgniter->runController(Object(App\Controllers\Admin\Users))
 4 SYSTEMPATH\CodeIgniter.php(349): CodeIgniter\CodeIgniter->handleRequest(null, Object(Config\Cache), false)
 5 FCPATH\index.php(55): CodeIgniter\CodeIgniter->run()
CRITICAL - 2022-07-22 19:22:04 --> Argument 1 passed to App\Controllers\Admin\Users::searchUserOr404() must be of the type int or null, string given, called in C:\laragon\www\food\app\Controllers\Admin\Users.php on line 58
in APPPATH\Controllers\Admin\Users.php on line 74.
 1 APPPATH\Controllers\Admin\Users.php(58): App\Controllers\Admin\Users->searchUserOr404('images')
 2 SYSTEMPATH\CodeIgniter.php(896): App\Controllers\Admin\Users->show('images', 'logo.svg')
 3 SYSTEMPATH\CodeIgniter.php(466): CodeIgniter\CodeIgniter->runController(Object(App\Controllers\Admin\Users))
 4 SYSTEMPATH\CodeIgniter.php(349): CodeIgniter\CodeIgniter->handleRequest(null, Object(Config\Cache), false)
 5 FCPATH\index.php(55): CodeIgniter\CodeIgniter->run()
CRITICAL - 2022-07-22 19:22:04 --> Argument 1 passed to App\Controllers\Admin\Users::searchUserOr404() must be of the type int or null, string given, called in C:\laragon\www\food\app\Controllers\Admin\Users.php on line 58
in APPPATH\Controllers\Admin\Users.php on line 74.
 1 APPPATH\Controllers\Admin\Users.php(58): App\Controllers\Admin\Users->searchUserOr404('images')
 2 SYSTEMPATH\CodeIgniter.php(896): App\Controllers\Admin\Users->show('images', 'logo-mini.svg')
 3 SYSTEMPATH\CodeIgniter.php(466): CodeIgniter\CodeIgniter->runController(Object(App\Controllers\Admin\Users))
 4 SYSTEMPATH\CodeIgniter.php(349): CodeIgniter\CodeIgniter->handleRequest(null, Object(Config\Cache), false)
 5 FCPATH\index.php(55): CodeIgniter\CodeIgniter->run()
CRITICAL - 2022-07-22 19:22:04 --> Argument 1 passed to App\Controllers\Admin\Users::searchUserOr404() must be of the type int or null, string given, called in C:\laragon\www\food\app\Controllers\Admin\Users.php on line 58
in APPPATH\Controllers\Admin\Users.php on line 74.
 1 APPPATH\Controllers\Admin\Users.php(58): App\Controllers\Admin\Users->searchUserOr404('images')
 2 SYSTEMPATH\CodeIgniter.php(896): App\Controllers\Admin\Users->show('images', 'faces', 'face5.jpg')
 3 SYSTEMPATH\CodeIgniter.php(466): CodeIgniter\CodeIgniter->runController(Object(App\Controllers\Admin\Users))
 4 SYSTEMPATH\CodeIgniter.php(349): CodeIgniter\CodeIgniter->handleRequest(null, Object(Config\Cache), false)
 5 FCPATH\index.php(55): CodeIgniter\CodeIgniter->run()
CRITICAL - 2022-07-22 19:22:04 --> Argument 1 passed to App\Controllers\Admin\Users::searchUserOr404() must be of the type int or null, string given, called in C:\laragon\www\food\app\Controllers\Admin\Users.php on line 58
in APPPATH\Controllers\Admin\Users.php on line 74.
 1 APPPATH\Controllers\Admin\Users.php(58): App\Controllers\Admin\Users->searchUserOr404('images')
 2 SYSTEMPATH\CodeIgniter.php(896): App\Controllers\Admin\Users->show('images', 'faces', 'face3.jpg')
 3 SYSTEMPATH\CodeIgniter.php(466): CodeIgniter\CodeIgniter->runController(Object(App\Controllers\Admin\Users))
 4 SYSTEMPATH\CodeIgniter.php(349): CodeIgniter\CodeIgniter->handleRequest(null, Object(Config\Cache), false)
 5 FCPATH\index.php(55): CodeIgniter\CodeIgniter->run()
CRITICAL - 2022-07-22 19:22:04 --> Argument 1 passed to App\Controllers\Admin\Users::searchUserOr404() must be of the type int or null, string given, called in C:\laragon\www\food\app\Controllers\Admin\Users.php on line 58
in APPPATH\Controllers\Admin\Users.php on line 74.
 1 APPPATH\Controllers\Admin\Users.php(58): App\Controllers\Admin\Users->searchUserOr404('images')
 2 SYSTEMPATH\CodeIgniter.php(896): App\Controllers\Admin\Users->show('images', 'faces', 'face4.jpg')
 3 SYSTEMPATH\CodeIgniter.php(466): CodeIgniter\CodeIgniter->runController(Object(App\Controllers\Admin\Users))
 4 SYSTEMPATH\CodeIgniter.php(349): CodeIgniter\CodeIgniter->handleRequest(null, Object(Config\Cache), false)
 5 FCPATH\index.php(55): CodeIgniter\CodeIgniter->run()
CRITICAL - 2022-07-22 19:22:04 --> Argument 1 passed to App\Controllers\Admin\Users::searchUserOr404() must be of the type int or null, string given, called in C:\laragon\www\food\app\Controllers\Admin\Users.php on line 58
in APPPATH\Controllers\Admin\Users.php on line 74.
 1 APPPATH\Controllers\Admin\Users.php(58): App\Controllers\Admin\Users->searchUserOr404('images')
 2 SYSTEMPATH\CodeIgniter.php(896): App\Controllers\Admin\Users->show('images', 'faces', 'face2.jpg')
 3 SYSTEMPATH\CodeIgniter.php(466): CodeIgniter\CodeIgniter->runController(Object(App\Controllers\Admin\Users))
 4 SYSTEMPATH\CodeIgniter.php(349): CodeIgniter\CodeIgniter->handleRequest(null, Object(Config\Cache), false)
 5 FCPATH\index.php(55): CodeIgniter\CodeIgniter->run()
CRITICAL - 2022-07-22 19:22:45 --> Argument 1 passed to App\Controllers\Admin\Users::searchUserOr404() must be of the type int or null, string given, called in C:\laragon\www\food\app\Controllers\Admin\Users.php on line 58
in APPPATH\Controllers\Admin\Users.php on line 74.
 1 APPPATH\Controllers\Admin\Users.php(58): App\Controllers\Admin\Users->searchUserOr404('images')
 2 SYSTEMPATH\CodeIgniter.php(896): App\Controllers\Admin\Users->show('images', 'logo.svg')
 3 SYSTEMPATH\CodeIgniter.php(466): CodeIgniter\CodeIgniter->runController(Object(App\Controllers\Admin\Users))
 4 SYSTEMPATH\CodeIgniter.php(349): CodeIgniter\CodeIgniter->handleRequest(null, Object(Config\Cache), false)
 5 FCPATH\index.php(55): CodeIgniter\CodeIgniter->run()
CRITICAL - 2022-07-22 19:22:45 --> Argument 1 passed to App\Controllers\Admin\Users::searchUserOr404() must be of the type int or null, string given, called in C:\laragon\www\food\app\Controllers\Admin\Users.php on line 58
in APPPATH\Controllers\Admin\Users.php on line 74.
 1 APPPATH\Controllers\Admin\Users.php(58): App\Controllers\Admin\Users->searchUserOr404('images')
 2 SYSTEMPATH\CodeIgniter.php(896): App\Controllers\Admin\Users->show('images', 'logo-mini.svg')
 3 SYSTEMPATH\CodeIgniter.php(466): CodeIgniter\CodeIgniter->runController(Object(App\Controllers\Admin\Users))
 4 SYSTEMPATH\CodeIgniter.php(349): CodeIgniter\CodeIgniter->handleRequest(null, Object(Config\Cache), false)
 5 FCPATH\index.php(55): CodeIgniter\CodeIgniter->run()
CRITICAL - 2022-07-22 19:22:46 --> Argument 1 passed to App\Controllers\Admin\Users::searchUserOr404() must be of the type int or null, string given, called in C:\laragon\www\food\app\Controllers\Admin\Users.php on line 58
in APPPATH\Controllers\Admin\Users.php on line 74.
 1 APPPATH\Controllers\Admin\Users.php(58): App\Controllers\Admin\Users->searchUserOr404('images')
 2 SYSTEMPATH\CodeIgniter.php(896): App\Controllers\Admin\Users->show('images', 'faces', 'face3.jpg')
 3 SYSTEMPATH\CodeIgniter.php(466): CodeIgniter\CodeIgniter->runController(Object(App\Controllers\Admin\Users))
 4 SYSTEMPATH\CodeIgniter.php(349): CodeIgniter\CodeIgniter->handleRequest(null, Object(Config\Cache), false)
 5 FCPATH\index.php(55): CodeIgniter\CodeIgniter->run()
CRITICAL - 2022-07-22 19:22:46 --> Argument 1 passed to App\Controllers\Admin\Users::searchUserOr404() must be of the type int or null, string given, called in C:\laragon\www\food\app\Controllers\Admin\Users.php on line 58
in APPPATH\Controllers\Admin\Users.php on line 74.
 1 APPPATH\Controllers\Admin\Users.php(58): App\Controllers\Admin\Users->searchUserOr404('images')
 2 SYSTEMPATH\CodeIgniter.php(896): App\Controllers\Admin\Users->show('images', 'faces', 'face4.jpg')
 3 SYSTEMPATH\CodeIgniter.php(466): CodeIgniter\CodeIgniter->runController(Object(App\Controllers\Admin\Users))
 4 SYSTEMPATH\CodeIgniter.php(349): CodeIgniter\CodeIgniter->handleRequest(null, Object(Config\Cache), false)
 5 FCPATH\index.php(55): CodeIgniter\CodeIgniter->run()
CRITICAL - 2022-07-22 19:22:46 --> Argument 1 passed to App\Controllers\Admin\Users::searchUserOr404() must be of the type int or null, string given, called in C:\laragon\www\food\app\Controllers\Admin\Users.php on line 58
in APPPATH\Controllers\Admin\Users.php on line 74.
 1 APPPATH\Controllers\Admin\Users.php(58): App\Controllers\Admin\Users->searchUserOr404('images')
 2 SYSTEMPATH\CodeIgniter.php(896): App\Controllers\Admin\Users->show('images', 'faces', 'face5.jpg')
 3 SYSTEMPATH\CodeIgniter.php(466): CodeIgniter\CodeIgniter->runController(Object(App\Controllers\Admin\Users))
 4 SYSTEMPATH\CodeIgniter.php(349): CodeIgniter\CodeIgniter->handleRequest(null, Object(Config\Cache), false)
 5 FCPATH\index.php(55): CodeIgniter\CodeIgniter->run()
CRITICAL - 2022-07-22 19:22:46 --> Argument 1 passed to App\Controllers\Admin\Users::searchUserOr404() must be of the type int or null, string given, called in C:\laragon\www\food\app\Controllers\Admin\Users.php on line 58
in APPPATH\Controllers\Admin\Users.php on line 74.
 1 APPPATH\Controllers\Admin\Users.php(58): App\Controllers\Admin\Users->searchUserOr404('images')
 2 SYSTEMPATH\CodeIgniter.php(896): App\Controllers\Admin\Users->show('images', 'faces', 'face2.jpg')
 3 SYSTEMPATH\CodeIgniter.php(466): CodeIgniter\CodeIgniter->runController(Object(App\Controllers\Admin\Users))
 4 SYSTEMPATH\CodeIgniter.php(349): CodeIgniter\CodeIgniter->handleRequest(null, Object(Config\Cache), false)
 5 FCPATH\index.php(55): CodeIgniter\CodeIgniter->run()
CRITICAL - 2022-07-22 19:22:49 --> Argument 1 passed to App\Controllers\Admin\Users::searchUserOr404() must be of the type int or null, string given, called in C:\laragon\www\food\app\Controllers\Admin\Users.php on line 58
in APPPATH\Controllers\Admin\Users.php on line 74.
 1 APPPATH\Controllers\Admin\Users.php(58): App\Controllers\Admin\Users->searchUserOr404('images')
 2 SYSTEMPATH\CodeIgniter.php(896): App\Controllers\Admin\Users->show('images', 'logo.svg')
 3 SYSTEMPATH\CodeIgniter.php(466): CodeIgniter\CodeIgniter->runController(Object(App\Controllers\Admin\Users))
 4 SYSTEMPATH\CodeIgniter.php(349): CodeIgniter\CodeIgniter->handleRequest(null, Object(Config\Cache), false)
 5 FCPATH\index.php(55): CodeIgniter\CodeIgniter->run()
CRITICAL - 2022-07-22 19:22:49 --> Argument 1 passed to App\Controllers\Admin\Users::searchUserOr404() must be of the type int or null, string given, called in C:\laragon\www\food\app\Controllers\Admin\Users.php on line 58
in APPPATH\Controllers\Admin\Users.php on line 74.
 1 APPPATH\Controllers\Admin\Users.php(58): App\Controllers\Admin\Users->searchUserOr404('images')
 2 SYSTEMPATH\CodeIgniter.php(896): App\Controllers\Admin\Users->show('images', 'logo-mini.svg')
 3 SYSTEMPATH\CodeIgniter.php(466): CodeIgniter\CodeIgniter->runController(Object(App\Controllers\Admin\Users))
 4 SYSTEMPATH\CodeIgniter.php(349): CodeIgniter\CodeIgniter->handleRequest(null, Object(Config\Cache), false)
 5 FCPATH\index.php(55): CodeIgniter\CodeIgniter->run()
CRITICAL - 2022-07-22 19:22:49 --> Argument 1 passed to App\Controllers\Admin\Users::searchUserOr404() must be of the type int or null, string given, called in C:\laragon\www\food\app\Controllers\Admin\Users.php on line 58
in APPPATH\Controllers\Admin\Users.php on line 74.
 1 APPPATH\Controllers\Admin\Users.php(58): App\Controllers\Admin\Users->searchUserOr404('images')
 2 SYSTEMPATH\CodeIgniter.php(896): App\Controllers\Admin\Users->show('images', 'faces', 'face2.jpg')
 3 SYSTEMPATH\CodeIgniter.php(466): CodeIgniter\CodeIgniter->runController(Object(App\Controllers\Admin\Users))
 4 SYSTEMPATH\CodeIgniter.php(349): CodeIgniter\CodeIgniter->handleRequest(null, Object(Config\Cache), false)
 5 FCPATH\index.php(55): CodeIgniter\CodeIgniter->run()
CRITICAL - 2022-07-22 19:22:49 --> Argument 1 passed to App\Controllers\Admin\Users::searchUserOr404() must be of the type int or null, string given, called in C:\laragon\www\food\app\Controllers\Admin\Users.php on line 58
in APPPATH\Controllers\Admin\Users.php on line 74.
 1 APPPATH\Controllers\Admin\Users.php(58): App\Controllers\Admin\Users->searchUserOr404('images')
 2 SYSTEMPATH\CodeIgniter.php(896): App\Controllers\Admin\Users->show('images', 'faces', 'face4.jpg')
 3 SYSTEMPATH\CodeIgniter.php(466): CodeIgniter\CodeIgniter->runController(Object(App\Controllers\Admin\Users))
 4 SYSTEMPATH\CodeIgniter.php(349): CodeIgniter\CodeIgniter->handleRequest(null, Object(Config\Cache), false)
 5 FCPATH\index.php(55): CodeIgniter\CodeIgniter->run()
CRITICAL - 2022-07-22 19:22:49 --> Argument 1 passed to App\Controllers\Admin\Users::searchUserOr404() must be of the type int or null, string given, called in C:\laragon\www\food\app\Controllers\Admin\Users.php on line 58
in APPPATH\Controllers\Admin\Users.php on line 74.
 1 APPPATH\Controllers\Admin\Users.php(58): App\Controllers\Admin\Users->searchUserOr404('images')
 2 SYSTEMPATH\CodeIgniter.php(896): App\Controllers\Admin\Users->show('images', 'faces', 'face5.jpg')
 3 SYSTEMPATH\CodeIgniter.php(466): CodeIgniter\CodeIgniter->runController(Object(App\Controllers\Admin\Users))
 4 SYSTEMPATH\CodeIgniter.php(349): CodeIgniter\CodeIgniter->handleRequest(null, Object(Config\Cache), false)
 5 FCPATH\index.php(55): CodeIgniter\CodeIgniter->run()
CRITICAL - 2022-07-22 19:22:49 --> Argument 1 passed to App\Controllers\Admin\Users::searchUserOr404() must be of the type int or null, string given, called in C:\laragon\www\food\app\Controllers\Admin\Users.php on line 58
in APPPATH\Controllers\Admin\Users.php on line 74.
 1 APPPATH\Controllers\Admin\Users.php(58): App\Controllers\Admin\Users->searchUserOr404('images')
 2 SYSTEMPATH\CodeIgniter.php(896): App\Controllers\Admin\Users->show('images', 'faces', 'face3.jpg')
 3 SYSTEMPATH\CodeIgniter.php(466): CodeIgniter\CodeIgniter->runController(Object(App\Controllers\Admin\Users))
 4 SYSTEMPATH\CodeIgniter.php(349): CodeIgniter\CodeIgniter->handleRequest(null, Object(Config\Cache), false)
 5 FCPATH\index.php(55): CodeIgniter\CodeIgniter->run()
CRITICAL - 2022-07-22 19:22:55 --> Argument 1 passed to App\Controllers\Admin\Users::searchUserOr404() must be of the type int or null, string given, called in C:\laragon\www\food\app\Controllers\Admin\Users.php on line 58
in APPPATH\Controllers\Admin\Users.php on line 74.
 1 APPPATH\Controllers\Admin\Users.php(58): App\Controllers\Admin\Users->searchUserOr404('images')
 2 SYSTEMPATH\CodeIgniter.php(896): App\Controllers\Admin\Users->show('images', 'logo.svg')
 3 SYSTEMPATH\CodeIgniter.php(466): CodeIgniter\CodeIgniter->runController(Object(App\Controllers\Admin\Users))
 4 SYSTEMPATH\CodeIgniter.php(349): CodeIgniter\CodeIgniter->handleRequest(null, Object(Config\Cache), false)
 5 FCPATH\index.php(55): CodeIgniter\CodeIgniter->run()
CRITICAL - 2022-07-22 19:22:55 --> Argument 1 passed to App\Controllers\Admin\Users::searchUserOr404() must be of the type int or null, string given, called in C:\laragon\www\food\app\Controllers\Admin\Users.php on line 58
in APPPATH\Controllers\Admin\Users.php on line 74.
 1 APPPATH\Controllers\Admin\Users.php(58): App\Controllers\Admin\Users->searchUserOr404('images')
 2 SYSTEMPATH\CodeIgniter.php(896): App\Controllers\Admin\Users->show('images', 'faces', 'face5.jpg')
 3 SYSTEMPATH\CodeIgniter.php(466): CodeIgniter\CodeIgniter->runController(Object(App\Controllers\Admin\Users))
 4 SYSTEMPATH\CodeIgniter.php(349): CodeIgniter\CodeIgniter->handleRequest(null, Object(Config\Cache), false)
 5 FCPATH\index.php(55): CodeIgniter\CodeIgniter->run()
CRITICAL - 2022-07-22 19:22:55 --> Argument 1 passed to App\Controllers\Admin\Users::searchUserOr404() must be of the type int or null, string given, called in C:\laragon\www\food\app\Controllers\Admin\Users.php on line 58
in APPPATH\Controllers\Admin\Users.php on line 74.
 1 APPPATH\Controllers\Admin\Users.php(58): App\Controllers\Admin\Users->searchUserOr404('images')
 2 SYSTEMPATH\CodeIgniter.php(896): App\Controllers\Admin\Users->show('images', 'faces', 'face4.jpg')
 3 SYSTEMPATH\CodeIgniter.php(466): CodeIgniter\CodeIgniter->runController(Object(App\Controllers\Admin\Users))
 4 SYSTEMPATH\CodeIgniter.php(349): CodeIgniter\CodeIgniter->handleRequest(null, Object(Config\Cache), false)
 5 FCPATH\index.php(55): CodeIgniter\CodeIgniter->run()
CRITICAL - 2022-07-22 19:22:55 --> Argument 1 passed to App\Controllers\Admin\Users::searchUserOr404() must be of the type int or null, string given, called in C:\laragon\www\food\app\Controllers\Admin\Users.php on line 58
in APPPATH\Controllers\Admin\Users.php on line 74.
 1 APPPATH\Controllers\Admin\Users.php(58): App\Controllers\Admin\Users->searchUserOr404('images')
 2 SYSTEMPATH\CodeIgniter.php(896): App\Controllers\Admin\Users->show('images', 'faces', 'face2.jpg')
 3 SYSTEMPATH\CodeIgniter.php(466): CodeIgniter\CodeIgniter->runController(Object(App\Controllers\Admin\Users))
 4 SYSTEMPATH\CodeIgniter.php(349): CodeIgniter\CodeIgniter->handleRequest(null, Object(Config\Cache), false)
 5 FCPATH\index.php(55): CodeIgniter\CodeIgniter->run()
CRITICAL - 2022-07-22 19:22:55 --> Argument 1 passed to App\Controllers\Admin\Users::searchUserOr404() must be of the type int or null, string given, called in C:\laragon\www\food\app\Controllers\Admin\Users.php on line 58
in APPPATH\Controllers\Admin\Users.php on line 74.
 1 APPPATH\Controllers\Admin\Users.php(58): App\Controllers\Admin\Users->searchUserOr404('images')
 2 SYSTEMPATH\CodeIgniter.php(896): App\Controllers\Admin\Users->show('images', 'logo-mini.svg')
 3 SYSTEMPATH\CodeIgniter.php(466): CodeIgniter\CodeIgniter->runController(Object(App\Controllers\Admin\Users))
 4 SYSTEMPATH\CodeIgniter.php(349): CodeIgniter\CodeIgniter->handleRequest(null, Object(Config\Cache), false)
 5 FCPATH\index.php(55): CodeIgniter\CodeIgniter->run()
CRITICAL - 2022-07-22 19:22:55 --> Argument 1 passed to App\Controllers\Admin\Users::searchUserOr404() must be of the type int or null, string given, called in C:\laragon\www\food\app\Controllers\Admin\Users.php on line 58
in APPPATH\Controllers\Admin\Users.php on line 74.
 1 APPPATH\Controllers\Admin\Users.php(58): App\Controllers\Admin\Users->searchUserOr404('images')
 2 SYSTEMPATH\CodeIgniter.php(896): App\Controllers\Admin\Users->show('images', 'faces', 'face3.jpg')
 3 SYSTEMPATH\CodeIgniter.php(466): CodeIgniter\CodeIgniter->runController(Object(App\Controllers\Admin\Users))
 4 SYSTEMPATH\CodeIgniter.php(349): CodeIgniter\CodeIgniter->handleRequest(null, Object(Config\Cache), false)
 5 FCPATH\index.php(55): CodeIgniter\CodeIgniter->run()
CRITICAL - 2022-07-22 19:23:06 --> Argument 1 passed to App\Controllers\Admin\Users::searchUserOr404() must be of the type int or null, string given, called in C:\laragon\www\food\app\Controllers\Admin\Users.php on line 58
in APPPATH\Controllers\Admin\Users.php on line 74.
 1 APPPATH\Controllers\Admin\Users.php(58): App\Controllers\Admin\Users->searchUserOr404('images')
 2 SYSTEMPATH\CodeIgniter.php(896): App\Controllers\Admin\Users->show('images', 'logo.svg')
 3 SYSTEMPATH\CodeIgniter.php(466): CodeIgniter\CodeIgniter->runController(Object(App\Controllers\Admin\Users))
 4 SYSTEMPATH\CodeIgniter.php(349): CodeIgniter\CodeIgniter->handleRequest(null, Object(Config\Cache), false)
 5 FCPATH\index.php(55): CodeIgniter\CodeIgniter->run()
CRITICAL - 2022-07-22 19:23:06 --> Argument 1 passed to App\Controllers\Admin\Users::searchUserOr404() must be of the type int or null, string given, called in C:\laragon\www\food\app\Controllers\Admin\Users.php on line 58
in APPPATH\Controllers\Admin\Users.php on line 74.
 1 APPPATH\Controllers\Admin\Users.php(58): App\Controllers\Admin\Users->searchUserOr404('images')
 2 SYSTEMPATH\CodeIgniter.php(896): App\Controllers\Admin\Users->show('images', 'logo-mini.svg')
 3 SYSTEMPATH\CodeIgniter.php(466): CodeIgniter\CodeIgniter->runController(Object(App\Controllers\Admin\Users))
 4 SYSTEMPATH\CodeIgniter.php(349): CodeIgniter\CodeIgniter->handleRequest(null, Object(Config\Cache), false)
 5 FCPATH\index.php(55): CodeIgniter\CodeIgniter->run()
CRITICAL - 2022-07-22 19:23:06 --> Argument 1 passed to App\Controllers\Admin\Users::searchUserOr404() must be of the type int or null, string given, called in C:\laragon\www\food\app\Controllers\Admin\Users.php on line 58
in APPPATH\Controllers\Admin\Users.php on line 74.
 1 APPPATH\Controllers\Admin\Users.php(58): App\Controllers\Admin\Users->searchUserOr404('images')
 2 SYSTEMPATH\CodeIgniter.php(896): App\Controllers\Admin\Users->show('images', 'faces', 'face2.jpg')
 3 SYSTEMPATH\CodeIgniter.php(466): CodeIgniter\CodeIgniter->runController(Object(App\Controllers\Admin\Users))
 4 SYSTEMPATH\CodeIgniter.php(349): CodeIgniter\CodeIgniter->handleRequest(null, Object(Config\Cache), false)
 5 FCPATH\index.php(55): CodeIgniter\CodeIgniter->run()
CRITICAL - 2022-07-22 19:23:06 --> Argument 1 passed to App\Controllers\Admin\Users::searchUserOr404() must be of the type int or null, string given, called in C:\laragon\www\food\app\Controllers\Admin\Users.php on line 58
in APPPATH\Controllers\Admin\Users.php on line 74.
 1 APPPATH\Controllers\Admin\Users.php(58): App\Controllers\Admin\Users->searchUserOr404('images')
 2 SYSTEMPATH\CodeIgniter.php(896): App\Controllers\Admin\Users->show('images', 'faces', 'face3.jpg')
 3 SYSTEMPATH\CodeIgniter.php(466): CodeIgniter\CodeIgniter->runController(Object(App\Controllers\Admin\Users))
 4 SYSTEMPATH\CodeIgniter.php(349): CodeIgniter\CodeIgniter->handleRequest(null, Object(Config\Cache), false)
 5 FCPATH\index.php(55): CodeIgniter\CodeIgniter->run()
CRITICAL - 2022-07-22 19:23:06 --> Argument 1 passed to App\Controllers\Admin\Users::searchUserOr404() must be of the type int or null, string given, called in C:\laragon\www\food\app\Controllers\Admin\Users.php on line 58
in APPPATH\Controllers\Admin\Users.php on line 74.
 1 APPPATH\Controllers\Admin\Users.php(58): App\Controllers\Admin\Users->searchUserOr404('images')
 2 SYSTEMPATH\CodeIgniter.php(896): App\Controllers\Admin\Users->show('images', 'faces', 'face4.jpg')
 3 SYSTEMPATH\CodeIgniter.php(466): CodeIgniter\CodeIgniter->runController(Object(App\Controllers\Admin\Users))
 4 SYSTEMPATH\CodeIgniter.php(349): CodeIgniter\CodeIgniter->handleRequest(null, Object(Config\Cache), false)
 5 FCPATH\index.php(55): CodeIgniter\CodeIgniter->run()
CRITICAL - 2022-07-22 19:23:06 --> Argument 1 passed to App\Controllers\Admin\Users::searchUserOr404() must be of the type int or null, string given, called in C:\laragon\www\food\app\Controllers\Admin\Users.php on line 58
in APPPATH\Controllers\Admin\Users.php on line 74.
 1 APPPATH\Controllers\Admin\Users.php(58): App\Controllers\Admin\Users->searchUserOr404('images')
 2 SYSTEMPATH\CodeIgniter.php(896): App\Controllers\Admin\Users->show('images', 'faces', 'face5.jpg')
 3 SYSTEMPATH\CodeIgniter.php(466): CodeIgniter\CodeIgniter->runController(Object(App\Controllers\Admin\Users))
 4 SYSTEMPATH\CodeIgniter.php(349): CodeIgniter\CodeIgniter->handleRequest(null, Object(Config\Cache), false)
 5 FCPATH\index.php(55): CodeIgniter\CodeIgniter->run()
CRITICAL - 2022-07-22 19:24:03 --> Argument 1 passed to App\Controllers\Admin\Users::searchUserOr404() must be of the type int or null, string given, called in C:\laragon\www\food\app\Controllers\Admin\Users.php on line 58
in APPPATH\Controllers\Admin\Users.php on line 74.
 1 APPPATH\Controllers\Admin\Users.php(58): App\Controllers\Admin\Users->searchUserOr404('images')
 2 SYSTEMPATH\CodeIgniter.php(896): App\Controllers\Admin\Users->show('images', 'logo-mini.svg')
 3 SYSTEMPATH\CodeIgniter.php(466): CodeIgniter\CodeIgniter->runController(Object(App\Controllers\Admin\Users))
 4 SYSTEMPATH\CodeIgniter.php(349): CodeIgniter\CodeIgniter->handleRequest(null, Object(Config\Cache), false)
 5 FCPATH\index.php(55): CodeIgniter\CodeIgniter->run()
CRITICAL - 2022-07-22 19:24:03 --> Argument 1 passed to App\Controllers\Admin\Users::searchUserOr404() must be of the type int or null, string given, called in C:\laragon\www\food\app\Controllers\Admin\Users.php on line 58
in APPPATH\Controllers\Admin\Users.php on line 74.
 1 APPPATH\Controllers\Admin\Users.php(58): App\Controllers\Admin\Users->searchUserOr404('images')
 2 SYSTEMPATH\CodeIgniter.php(896): App\Controllers\Admin\Users->show('images', 'logo.svg')
 3 SYSTEMPATH\CodeIgniter.php(466): CodeIgniter\CodeIgniter->runController(Object(App\Controllers\Admin\Users))
 4 SYSTEMPATH\CodeIgniter.php(349): CodeIgniter\CodeIgniter->handleRequest(null, Object(Config\Cache), false)
 5 FCPATH\index.php(55): CodeIgniter\CodeIgniter->run()
CRITICAL - 2022-07-22 19:24:03 --> Argument 1 passed to App\Controllers\Admin\Users::searchUserOr404() must be of the type int or null, string given, called in C:\laragon\www\food\app\Controllers\Admin\Users.php on line 58
in APPPATH\Controllers\Admin\Users.php on line 74.
 1 APPPATH\Controllers\Admin\Users.php(58): App\Controllers\Admin\Users->searchUserOr404('images')
 2 SYSTEMPATH\CodeIgniter.php(896): App\Controllers\Admin\Users->show('images', 'faces', 'face3.jpg')
 3 SYSTEMPATH\CodeIgniter.php(466): CodeIgniter\CodeIgniter->runController(Object(App\Controllers\Admin\Users))
 4 SYSTEMPATH\CodeIgniter.php(349): CodeIgniter\CodeIgniter->handleRequest(null, Object(Config\Cache), false)
 5 FCPATH\index.php(55): CodeIgniter\CodeIgniter->run()
CRITICAL - 2022-07-22 19:24:03 --> Argument 1 passed to App\Controllers\Admin\Users::searchUserOr404() must be of the type int or null, string given, called in C:\laragon\www\food\app\Controllers\Admin\Users.php on line 58
in APPPATH\Controllers\Admin\Users.php on line 74.
 1 APPPATH\Controllers\Admin\Users.php(58): App\Controllers\Admin\Users->searchUserOr404('images')
 2 SYSTEMPATH\CodeIgniter.php(896): App\Controllers\Admin\Users->show('images', 'faces', 'face4.jpg')
 3 SYSTEMPATH\CodeIgniter.php(466): CodeIgniter\CodeIgniter->runController(Object(App\Controllers\Admin\Users))
 4 SYSTEMPATH\CodeIgniter.php(349): CodeIgniter\CodeIgniter->handleRequest(null, Object(Config\Cache), false)
 5 FCPATH\index.php(55): CodeIgniter\CodeIgniter->run()
CRITICAL - 2022-07-22 19:24:03 --> Argument 1 passed to App\Controllers\Admin\Users::searchUserOr404() must be of the type int or null, string given, called in C:\laragon\www\food\app\Controllers\Admin\Users.php on line 58
in APPPATH\Controllers\Admin\Users.php on line 74.
 1 APPPATH\Controllers\Admin\Users.php(58): App\Controllers\Admin\Users->searchUserOr404('images')
 2 SYSTEMPATH\CodeIgniter.php(896): App\Controllers\Admin\Users->show('images', 'faces', 'face2.jpg')
 3 SYSTEMPATH\CodeIgniter.php(466): CodeIgniter\CodeIgniter->runController(Object(App\Controllers\Admin\Users))
 4 SYSTEMPATH\CodeIgniter.php(349): CodeIgniter\CodeIgniter->handleRequest(null, Object(Config\Cache), false)
 5 FCPATH\index.php(55): CodeIgniter\CodeIgniter->run()
CRITICAL - 2022-07-22 19:24:03 --> Argument 1 passed to App\Controllers\Admin\Users::searchUserOr404() must be of the type int or null, string given, called in C:\laragon\www\food\app\Controllers\Admin\Users.php on line 58
in APPPATH\Controllers\Admin\Users.php on line 74.
 1 APPPATH\Controllers\Admin\Users.php(58): App\Controllers\Admin\Users->searchUserOr404('images')
 2 SYSTEMPATH\CodeIgniter.php(896): App\Controllers\Admin\Users->show('images', 'faces', 'face5.jpg')
 3 SYSTEMPATH\CodeIgniter.php(466): CodeIgniter\CodeIgniter->runController(Object(App\Controllers\Admin\Users))
 4 SYSTEMPATH\CodeIgniter.php(349): CodeIgniter\CodeIgniter->handleRequest(null, Object(Config\Cache), false)
 5 FCPATH\index.php(55): CodeIgniter\CodeIgniter->run()
CRITICAL - 2022-07-22 19:24:45 --> Argument 1 passed to App\Controllers\Admin\Users::searchUserOr404() must be of the type int or null, string given, called in C:\laragon\www\food\app\Controllers\Admin\Users.php on line 58
in APPPATH\Controllers\Admin\Users.php on line 74.
 1 APPPATH\Controllers\Admin\Users.php(58): App\Controllers\Admin\Users->searchUserOr404('images')
 2 SYSTEMPATH\CodeIgniter.php(896): App\Controllers\Admin\Users->show('images', 'logo.svg')
 3 SYSTEMPATH\CodeIgniter.php(466): CodeIgniter\CodeIgniter->runController(Object(App\Controllers\Admin\Users))
 4 SYSTEMPATH\CodeIgniter.php(349): CodeIgniter\CodeIgniter->handleRequest(null, Object(Config\Cache), false)
 5 FCPATH\index.php(55): CodeIgniter\CodeIgniter->run()
CRITICAL - 2022-07-22 19:24:45 --> Argument 1 passed to App\Controllers\Admin\Users::searchUserOr404() must be of the type int or null, string given, called in C:\laragon\www\food\app\Controllers\Admin\Users.php on line 58
in APPPATH\Controllers\Admin\Users.php on line 74.
 1 APPPATH\Controllers\Admin\Users.php(58): App\Controllers\Admin\Users->searchUserOr404('images')
 2 SYSTEMPATH\CodeIgniter.php(896): App\Controllers\Admin\Users->show('images', 'logo-mini.svg')
 3 SYSTEMPATH\CodeIgniter.php(466): CodeIgniter\CodeIgniter->runController(Object(App\Controllers\Admin\Users))
 4 SYSTEMPATH\CodeIgniter.php(349): CodeIgniter\CodeIgniter->handleRequest(null, Object(Config\Cache), false)
 5 FCPATH\index.php(55): CodeIgniter\CodeIgniter->run()
CRITICAL - 2022-07-22 19:24:46 --> Argument 1 passed to App\Controllers\Admin\Users::searchUserOr404() must be of the type int or null, string given, called in C:\laragon\www\food\app\Controllers\Admin\Users.php on line 58
in APPPATH\Controllers\Admin\Users.php on line 74.
 1 APPPATH\Controllers\Admin\Users.php(58): App\Controllers\Admin\Users->searchUserOr404('images')
 2 SYSTEMPATH\CodeIgniter.php(896): App\Controllers\Admin\Users->show('images', 'faces', 'face4.jpg')
 3 SYSTEMPATH\CodeIgniter.php(466): CodeIgniter\CodeIgniter->runController(Object(App\Controllers\Admin\Users))
 4 SYSTEMPATH\CodeIgniter.php(349): CodeIgniter\CodeIgniter->handleRequest(null, Object(Config\Cache), false)
 5 FCPATH\index.php(55): CodeIgniter\CodeIgniter->run()
CRITICAL - 2022-07-22 19:24:46 --> Argument 1 passed to App\Controllers\Admin\Users::searchUserOr404() must be of the type int or null, string given, called in C:\laragon\www\food\app\Controllers\Admin\Users.php on line 58
in APPPATH\Controllers\Admin\Users.php on line 74.
 1 APPPATH\Controllers\Admin\Users.php(58): App\Controllers\Admin\Users->searchUserOr404('images')
 2 SYSTEMPATH\CodeIgniter.php(896): App\Controllers\Admin\Users->show('images', 'faces', 'face2.jpg')
 3 SYSTEMPATH\CodeIgniter.php(466): CodeIgniter\CodeIgniter->runController(Object(App\Controllers\Admin\Users))
 4 SYSTEMPATH\CodeIgniter.php(349): CodeIgniter\CodeIgniter->handleRequest(null, Object(Config\Cache), false)
 5 FCPATH\index.php(55): CodeIgniter\CodeIgniter->run()
CRITICAL - 2022-07-22 19:24:46 --> Argument 1 passed to App\Controllers\Admin\Users::searchUserOr404() must be of the type int or null, string given, called in C:\laragon\www\food\app\Controllers\Admin\Users.php on line 58
in APPPATH\Controllers\Admin\Users.php on line 74.
 1 APPPATH\Controllers\Admin\Users.php(58): App\Controllers\Admin\Users->searchUserOr404('images')
 2 SYSTEMPATH\CodeIgniter.php(896): App\Controllers\Admin\Users->show('images', 'faces', 'face3.jpg')
 3 SYSTEMPATH\CodeIgniter.php(466): CodeIgniter\CodeIgniter->runController(Object(App\Controllers\Admin\Users))
 4 SYSTEMPATH\CodeIgniter.php(349): CodeIgniter\CodeIgniter->handleRequest(null, Object(Config\Cache), false)
 5 FCPATH\index.php(55): CodeIgniter\CodeIgniter->run()
CRITICAL - 2022-07-22 19:24:46 --> Argument 1 passed to App\Controllers\Admin\Users::searchUserOr404() must be of the type int or null, string given, called in C:\laragon\www\food\app\Controllers\Admin\Users.php on line 58
in APPPATH\Controllers\Admin\Users.php on line 74.
 1 APPPATH\Controllers\Admin\Users.php(58): App\Controllers\Admin\Users->searchUserOr404('images')
 2 SYSTEMPATH\CodeIgniter.php(896): App\Controllers\Admin\Users->show('images', 'faces', 'face5.jpg')
 3 SYSTEMPATH\CodeIgniter.php(466): CodeIgniter\CodeIgniter->runController(Object(App\Controllers\Admin\Users))
 4 SYSTEMPATH\CodeIgniter.php(349): CodeIgniter\CodeIgniter->handleRequest(null, Object(Config\Cache), false)
 5 FCPATH\index.php(55): CodeIgniter\CodeIgniter->run()
CRITICAL - 2022-07-22 19:25:03 --> Argument 1 passed to App\Controllers\Admin\Users::searchUserOr404() must be of the type int or null, string given, called in C:\laragon\www\food\app\Controllers\Admin\Users.php on line 58
in APPPATH\Controllers\Admin\Users.php on line 74.
 1 APPPATH\Controllers\Admin\Users.php(58): App\Controllers\Admin\Users->searchUserOr404('images')
 2 SYSTEMPATH\CodeIgniter.php(896): App\Controllers\Admin\Users->show('images', 'logo-mini.svg')
 3 SYSTEMPATH\CodeIgniter.php(466): CodeIgniter\CodeIgniter->runController(Object(App\Controllers\Admin\Users))
 4 SYSTEMPATH\CodeIgniter.php(349): CodeIgniter\CodeIgniter->handleRequest(null, Object(Config\Cache), false)
 5 FCPATH\index.php(55): CodeIgniter\CodeIgniter->run()
CRITICAL - 2022-07-22 19:25:03 --> Argument 1 passed to App\Controllers\Admin\Users::searchUserOr404() must be of the type int or null, string given, called in C:\laragon\www\food\app\Controllers\Admin\Users.php on line 58
in APPPATH\Controllers\Admin\Users.php on line 74.
 1 APPPATH\Controllers\Admin\Users.php(58): App\Controllers\Admin\Users->searchUserOr404('images')
 2 SYSTEMPATH\CodeIgniter.php(896): App\Controllers\Admin\Users->show('images', 'logo.svg')
 3 SYSTEMPATH\CodeIgniter.php(466): CodeIgniter\CodeIgniter->runController(Object(App\Controllers\Admin\Users))
 4 SYSTEMPATH\CodeIgniter.php(349): CodeIgniter\CodeIgniter->handleRequest(null, Object(Config\Cache), false)
 5 FCPATH\index.php(55): CodeIgniter\CodeIgniter->run()
CRITICAL - 2022-07-22 19:25:04 --> Argument 1 passed to App\Controllers\Admin\Users::searchUserOr404() must be of the type int or null, string given, called in C:\laragon\www\food\app\Controllers\Admin\Users.php on line 58
in APPPATH\Controllers\Admin\Users.php on line 74.
 1 APPPATH\Controllers\Admin\Users.php(58): App\Controllers\Admin\Users->searchUserOr404('images')
 2 SYSTEMPATH\CodeIgniter.php(896): App\Controllers\Admin\Users->show('images', 'faces', 'face4.jpg')
 3 SYSTEMPATH\CodeIgniter.php(466): CodeIgniter\CodeIgniter->runController(Object(App\Controllers\Admin\Users))
 4 SYSTEMPATH\CodeIgniter.php(349): CodeIgniter\CodeIgniter->handleRequest(null, Object(Config\Cache), false)
 5 FCPATH\index.php(55): CodeIgniter\CodeIgniter->run()
CRITICAL - 2022-07-22 19:25:04 --> Argument 1 passed to App\Controllers\Admin\Users::searchUserOr404() must be of the type int or null, string given, called in C:\laragon\www\food\app\Controllers\Admin\Users.php on line 58
in APPPATH\Controllers\Admin\Users.php on line 74.
 1 APPPATH\Controllers\Admin\Users.php(58): App\Controllers\Admin\Users->searchUserOr404('images')
 2 SYSTEMPATH\CodeIgniter.php(896): App\Controllers\Admin\Users->show('images', 'faces', 'face3.jpg')
 3 SYSTEMPATH\CodeIgniter.php(466): CodeIgniter\CodeIgniter->runController(Object(App\Controllers\Admin\Users))
 4 SYSTEMPATH\CodeIgniter.php(349): CodeIgniter\CodeIgniter->handleRequest(null, Object(Config\Cache), false)
 5 FCPATH\index.php(55): CodeIgniter\CodeIgniter->run()
CRITICAL - 2022-07-22 19:25:04 --> Argument 1 passed to App\Controllers\Admin\Users::searchUserOr404() must be of the type int or null, string given, called in C:\laragon\www\food\app\Controllers\Admin\Users.php on line 58
in APPPATH\Controllers\Admin\Users.php on line 74.
 1 APPPATH\Controllers\Admin\Users.php(58): App\Controllers\Admin\Users->searchUserOr404('images')
 2 SYSTEMPATH\CodeIgniter.php(896): App\Controllers\Admin\Users->show('images', 'faces', 'face2.jpg')
 3 SYSTEMPATH\CodeIgniter.php(466): CodeIgniter\CodeIgniter->runController(Object(App\Controllers\Admin\Users))
 4 SYSTEMPATH\CodeIgniter.php(349): CodeIgniter\CodeIgniter->handleRequest(null, Object(Config\Cache), false)
 5 FCPATH\index.php(55): CodeIgniter\CodeIgniter->run()
CRITICAL - 2022-07-22 19:25:04 --> Argument 1 passed to App\Controllers\Admin\Users::searchUserOr404() must be of the type int or null, string given, called in C:\laragon\www\food\app\Controllers\Admin\Users.php on line 58
in APPPATH\Controllers\Admin\Users.php on line 74.
 1 APPPATH\Controllers\Admin\Users.php(58): App\Controllers\Admin\Users->searchUserOr404('images')
 2 SYSTEMPATH\CodeIgniter.php(896): App\Controllers\Admin\Users->show('images', 'faces', 'face5.jpg')
 3 SYSTEMPATH\CodeIgniter.php(466): CodeIgniter\CodeIgniter->runController(Object(App\Controllers\Admin\Users))
 4 SYSTEMPATH\CodeIgniter.php(349): CodeIgniter\CodeIgniter->handleRequest(null, Object(Config\Cache), false)
 5 FCPATH\index.php(55): CodeIgniter\CodeIgniter->run()
CRITICAL - 2022-07-22 19:27:38 --> Argument 1 passed to App\Controllers\Admin\Users::searchUserOr404() must be of the type int or null, string given, called in C:\laragon\www\food\app\Controllers\Admin\Users.php on line 58
in APPPATH\Controllers\Admin\Users.php on line 74.
 1 APPPATH\Controllers\Admin\Users.php(58): App\Controllers\Admin\Users->searchUserOr404('images')
 2 SYSTEMPATH\CodeIgniter.php(896): App\Controllers\Admin\Users->show('images', 'logo.svg')
 3 SYSTEMPATH\CodeIgniter.php(466): CodeIgniter\CodeIgniter->runController(Object(App\Controllers\Admin\Users))
 4 SYSTEMPATH\CodeIgniter.php(349): CodeIgniter\CodeIgniter->handleRequest(null, Object(Config\Cache), false)
 5 FCPATH\index.php(55): CodeIgniter\CodeIgniter->run()
CRITICAL - 2022-07-22 19:27:38 --> Argument 1 passed to App\Controllers\Admin\Users::searchUserOr404() must be of the type int or null, string given, called in C:\laragon\www\food\app\Controllers\Admin\Users.php on line 58
in APPPATH\Controllers\Admin\Users.php on line 74.
 1 APPPATH\Controllers\Admin\Users.php(58): App\Controllers\Admin\Users->searchUserOr404('images')
 2 SYSTEMPATH\CodeIgniter.php(896): App\Controllers\Admin\Users->show('images', 'faces', 'face4.jpg')
 3 SYSTEMPATH\CodeIgniter.php(466): CodeIgniter\CodeIgniter->runController(Object(App\Controllers\Admin\Users))
 4 SYSTEMPATH\CodeIgniter.php(349): CodeIgniter\CodeIgniter->handleRequest(null, Object(Config\Cache), false)
 5 FCPATH\index.php(55): CodeIgniter\CodeIgniter->run()
CRITICAL - 2022-07-22 19:27:38 --> Argument 1 passed to App\Controllers\Admin\Users::searchUserOr404() must be of the type int or null, string given, called in C:\laragon\www\food\app\Controllers\Admin\Users.php on line 58
in APPPATH\Controllers\Admin\Users.php on line 74.
 1 APPPATH\Controllers\Admin\Users.php(58): App\Controllers\Admin\Users->searchUserOr404('images')
 2 SYSTEMPATH\CodeIgniter.php(896): App\Controllers\Admin\Users->show('images', 'logo-mini.svg')
 3 SYSTEMPATH\CodeIgniter.php(466): CodeIgniter\CodeIgniter->runController(Object(App\Controllers\Admin\Users))
 4 SYSTEMPATH\CodeIgniter.php(349): CodeIgniter\CodeIgniter->handleRequest(null, Object(Config\Cache), false)
 5 FCPATH\index.php(55): CodeIgniter\CodeIgniter->run()
CRITICAL - 2022-07-22 19:27:38 --> Argument 1 passed to App\Controllers\Admin\Users::searchUserOr404() must be of the type int or null, string given, called in C:\laragon\www\food\app\Controllers\Admin\Users.php on line 58
in APPPATH\Controllers\Admin\Users.php on line 74.
 1 APPPATH\Controllers\Admin\Users.php(58): App\Controllers\Admin\Users->searchUserOr404('images')
 2 SYSTEMPATH\CodeIgniter.php(896): App\Controllers\Admin\Users->show('images', 'faces', 'face3.jpg')
 3 SYSTEMPATH\CodeIgniter.php(466): CodeIgniter\CodeIgniter->runController(Object(App\Controllers\Admin\Users))
 4 SYSTEMPATH\CodeIgniter.php(349): CodeIgniter\CodeIgniter->handleRequest(null, Object(Config\Cache), false)
 5 FCPATH\index.php(55): CodeIgniter\CodeIgniter->run()
CRITICAL - 2022-07-22 19:27:39 --> Argument 1 passed to App\Controllers\Admin\Users::searchUserOr404() must be of the type int or null, string given, called in C:\laragon\www\food\app\Controllers\Admin\Users.php on line 58
in APPPATH\Controllers\Admin\Users.php on line 74.
 1 APPPATH\Controllers\Admin\Users.php(58): App\Controllers\Admin\Users->searchUserOr404('images')
 2 SYSTEMPATH\CodeIgniter.php(896): App\Controllers\Admin\Users->show('images', 'faces', 'face2.jpg')
 3 SYSTEMPATH\CodeIgniter.php(466): CodeIgniter\CodeIgniter->runController(Object(App\Controllers\Admin\Users))
 4 SYSTEMPATH\CodeIgniter.php(349): CodeIgniter\CodeIgniter->handleRequest(null, Object(Config\Cache), false)
 5 FCPATH\index.php(55): CodeIgniter\CodeIgniter->run()
CRITICAL - 2022-07-22 19:27:39 --> Argument 1 passed to App\Controllers\Admin\Users::searchUserOr404() must be of the type int or null, string given, called in C:\laragon\www\food\app\Controllers\Admin\Users.php on line 58
in APPPATH\Controllers\Admin\Users.php on line 74.
 1 APPPATH\Controllers\Admin\Users.php(58): App\Controllers\Admin\Users->searchUserOr404('images')
 2 SYSTEMPATH\CodeIgniter.php(896): App\Controllers\Admin\Users->show('images', 'faces', 'face5.jpg')
 3 SYSTEMPATH\CodeIgniter.php(466): CodeIgniter\CodeIgniter->runController(Object(App\Controllers\Admin\Users))
 4 SYSTEMPATH\CodeIgniter.php(349): CodeIgniter\CodeIgniter->handleRequest(null, Object(Config\Cache), false)
 5 FCPATH\index.php(55): CodeIgniter\CodeIgniter->run()
CRITICAL - 2022-07-22 19:33:40 --> Argument 1 passed to App\Controllers\Admin\Users::searchUserOr404() must be of the type int or null, string given, called in C:\laragon\www\food\app\Controllers\Admin\Users.php on line 58
in APPPATH\Controllers\Admin\Users.php on line 74.
 1 APPPATH\Controllers\Admin\Users.php(58): App\Controllers\Admin\Users->searchUserOr404('images')
 2 SYSTEMPATH\CodeIgniter.php(896): App\Controllers\Admin\Users->show('images', 'logo.svg')
 3 SYSTEMPATH\CodeIgniter.php(466): CodeIgniter\CodeIgniter->runController(Object(App\Controllers\Admin\Users))
 4 SYSTEMPATH\CodeIgniter.php(349): CodeIgniter\CodeIgniter->handleRequest(null, Object(Config\Cache), false)
 5 FCPATH\index.php(55): CodeIgniter\CodeIgniter->run()
CRITICAL - 2022-07-22 19:33:41 --> Argument 1 passed to App\Controllers\Admin\Users::searchUserOr404() must be of the type int or null, string given, called in C:\laragon\www\food\app\Controllers\Admin\Users.php on line 58
in APPPATH\Controllers\Admin\Users.php on line 74.
 1 APPPATH\Controllers\Admin\Users.php(58): App\Controllers\Admin\Users->searchUserOr404('images')
 2 SYSTEMPATH\CodeIgniter.php(896): App\Controllers\Admin\Users->show('images', 'logo-mini.svg')
 3 SYSTEMPATH\CodeIgniter.php(466): CodeIgniter\CodeIgniter->runController(Object(App\Controllers\Admin\Users))
 4 SYSTEMPATH\CodeIgniter.php(349): CodeIgniter\CodeIgniter->handleRequest(null, Object(Config\Cache), false)
 5 FCPATH\index.php(55): CodeIgniter\CodeIgniter->run()
CRITICAL - 2022-07-22 19:33:41 --> Argument 1 passed to App\Controllers\Admin\Users::searchUserOr404() must be of the type int or null, string given, called in C:\laragon\www\food\app\Controllers\Admin\Users.php on line 58
in APPPATH\Controllers\Admin\Users.php on line 74.
 1 APPPATH\Controllers\Admin\Users.php(58): App\Controllers\Admin\Users->searchUserOr404('images')
 2 SYSTEMPATH\CodeIgniter.php(896): App\Controllers\Admin\Users->show('images', 'faces', 'face2.jpg')
 3 SYSTEMPATH\CodeIgniter.php(466): CodeIgniter\CodeIgniter->runController(Object(App\Controllers\Admin\Users))
 4 SYSTEMPATH\CodeIgniter.php(349): CodeIgniter\CodeIgniter->handleRequest(null, Object(Config\Cache), false)
 5 FCPATH\index.php(55): CodeIgniter\CodeIgniter->run()
CRITICAL - 2022-07-22 19:33:41 --> Argument 1 passed to App\Controllers\Admin\Users::searchUserOr404() must be of the type int or null, string given, called in C:\laragon\www\food\app\Controllers\Admin\Users.php on line 58
in APPPATH\Controllers\Admin\Users.php on line 74.
 1 APPPATH\Controllers\Admin\Users.php(58): App\Controllers\Admin\Users->searchUserOr404('images')
 2 SYSTEMPATH\CodeIgniter.php(896): App\Controllers\Admin\Users->show('images', 'faces', 'face3.jpg')
 3 SYSTEMPATH\CodeIgniter.php(466): CodeIgniter\CodeIgniter->runController(Object(App\Controllers\Admin\Users))
 4 SYSTEMPATH\CodeIgniter.php(349): CodeIgniter\CodeIgniter->handleRequest(null, Object(Config\Cache), false)
 5 FCPATH\index.php(55): CodeIgniter\CodeIgniter->run()
CRITICAL - 2022-07-22 19:33:41 --> Argument 1 passed to App\Controllers\Admin\Users::searchUserOr404() must be of the type int or null, string given, called in C:\laragon\www\food\app\Controllers\Admin\Users.php on line 58
in APPPATH\Controllers\Admin\Users.php on line 74.
 1 APPPATH\Controllers\Admin\Users.php(58): App\Controllers\Admin\Users->searchUserOr404('images')
 2 SYSTEMPATH\CodeIgniter.php(896): App\Controllers\Admin\Users->show('images', 'faces', 'face4.jpg')
 3 SYSTEMPATH\CodeIgniter.php(466): CodeIgniter\CodeIgniter->runController(Object(App\Controllers\Admin\Users))
 4 SYSTEMPATH\CodeIgniter.php(349): CodeIgniter\CodeIgniter->handleRequest(null, Object(Config\Cache), false)
 5 FCPATH\index.php(55): CodeIgniter\CodeIgniter->run()
CRITICAL - 2022-07-22 19:33:41 --> Argument 1 passed to App\Controllers\Admin\Users::searchUserOr404() must be of the type int or null, string given, called in C:\laragon\www\food\app\Controllers\Admin\Users.php on line 58
in APPPATH\Controllers\Admin\Users.php on line 74.
 1 APPPATH\Controllers\Admin\Users.php(58): App\Controllers\Admin\Users->searchUserOr404('images')
 2 SYSTEMPATH\CodeIgniter.php(896): App\Controllers\Admin\Users->show('images', 'faces', 'face5.jpg')
 3 SYSTEMPATH\CodeIgniter.php(466): CodeIgniter\CodeIgniter->runController(Object(App\Controllers\Admin\Users))
 4 SYSTEMPATH\CodeIgniter.php(349): CodeIgniter\CodeIgniter->handleRequest(null, Object(Config\Cache), false)
 5 FCPATH\index.php(55): CodeIgniter\CodeIgniter->run()
CRITICAL - 2022-07-22 19:41:16 --> Argument 1 passed to App\Controllers\Admin\Users::searchUserOr404() must be of the type int or null, string given, called in C:\laragon\www\food\app\Controllers\Admin\Users.php on line 58
in APPPATH\Controllers\Admin\Users.php on line 74.
 1 APPPATH\Controllers\Admin\Users.php(58): App\Controllers\Admin\Users->searchUserOr404('images')
 2 SYSTEMPATH\CodeIgniter.php(896): App\Controllers\Admin\Users->show('images', 'logo.svg')
 3 SYSTEMPATH\CodeIgniter.php(466): CodeIgniter\CodeIgniter->runController(Object(App\Controllers\Admin\Users))
 4 SYSTEMPATH\CodeIgniter.php(349): CodeIgniter\CodeIgniter->handleRequest(null, Object(Config\Cache), false)
 5 FCPATH\index.php(55): CodeIgniter\CodeIgniter->run()
CRITICAL - 2022-07-22 19:41:16 --> Argument 1 passed to App\Controllers\Admin\Users::searchUserOr404() must be of the type int or null, string given, called in C:\laragon\www\food\app\Controllers\Admin\Users.php on line 58
in APPPATH\Controllers\Admin\Users.php on line 74.
 1 APPPATH\Controllers\Admin\Users.php(58): App\Controllers\Admin\Users->searchUserOr404('images')
 2 SYSTEMPATH\CodeIgniter.php(896): App\Controllers\Admin\Users->show('images', 'logo-mini.svg')
 3 SYSTEMPATH\CodeIgniter.php(466): CodeIgniter\CodeIgniter->runController(Object(App\Controllers\Admin\Users))
 4 SYSTEMPATH\CodeIgniter.php(349): CodeIgniter\CodeIgniter->handleRequest(null, Object(Config\Cache), false)
 5 FCPATH\index.php(55): CodeIgniter\CodeIgniter->run()
CRITICAL - 2022-07-22 19:41:16 --> Argument 1 passed to App\Controllers\Admin\Users::searchUserOr404() must be of the type int or null, string given, called in C:\laragon\www\food\app\Controllers\Admin\Users.php on line 58
in APPPATH\Controllers\Admin\Users.php on line 74.
 1 APPPATH\Controllers\Admin\Users.php(58): App\Controllers\Admin\Users->searchUserOr404('images')
 2 SYSTEMPATH\CodeIgniter.php(896): App\Controllers\Admin\Users->show('images', 'faces', 'face4.jpg')
 3 SYSTEMPATH\CodeIgniter.php(466): CodeIgniter\CodeIgniter->runController(Object(App\Controllers\Admin\Users))
 4 SYSTEMPATH\CodeIgniter.php(349): CodeIgniter\CodeIgniter->handleRequest(null, Object(Config\Cache), false)
 5 FCPATH\index.php(55): CodeIgniter\CodeIgniter->run()
CRITICAL - 2022-07-22 19:41:16 --> Argument 1 passed to App\Controllers\Admin\Users::searchUserOr404() must be of the type int or null, string given, called in C:\laragon\www\food\app\Controllers\Admin\Users.php on line 58
in APPPATH\Controllers\Admin\Users.php on line 74.
 1 APPPATH\Controllers\Admin\Users.php(58): App\Controllers\Admin\Users->searchUserOr404('images')
 2 SYSTEMPATH\CodeIgniter.php(896): App\Controllers\Admin\Users->show('images', 'faces', 'face5.jpg')
 3 SYSTEMPATH\CodeIgniter.php(466): CodeIgniter\CodeIgniter->runController(Object(App\Controllers\Admin\Users))
 4 SYSTEMPATH\CodeIgniter.php(349): CodeIgniter\CodeIgniter->handleRequest(null, Object(Config\Cache), false)
 5 FCPATH\index.php(55): CodeIgniter\CodeIgniter->run()
CRITICAL - 2022-07-22 19:41:16 --> Argument 1 passed to App\Controllers\Admin\Users::searchUserOr404() must be of the type int or null, string given, called in C:\laragon\www\food\app\Controllers\Admin\Users.php on line 58
in APPPATH\Controllers\Admin\Users.php on line 74.
 1 APPPATH\Controllers\Admin\Users.php(58): App\Controllers\Admin\Users->searchUserOr404('images')
 2 SYSTEMPATH\CodeIgniter.php(896): App\Controllers\Admin\Users->show('images', 'faces', 'face2.jpg')
 3 SYSTEMPATH\CodeIgniter.php(466): CodeIgniter\CodeIgniter->runController(Object(App\Controllers\Admin\Users))
 4 SYSTEMPATH\CodeIgniter.php(349): CodeIgniter\CodeIgniter->handleRequest(null, Object(Config\Cache), false)
 5 FCPATH\index.php(55): CodeIgniter\CodeIgniter->run()
CRITICAL - 2022-07-22 19:41:16 --> Argument 1 passed to App\Controllers\Admin\Users::searchUserOr404() must be of the type int or null, string given, called in C:\laragon\www\food\app\Controllers\Admin\Users.php on line 58
in APPPATH\Controllers\Admin\Users.php on line 74.
 1 APPPATH\Controllers\Admin\Users.php(58): App\Controllers\Admin\Users->searchUserOr404('images')
 2 SYSTEMPATH\CodeIgniter.php(896): App\Controllers\Admin\Users->show('images', 'faces', 'face3.jpg')
 3 SYSTEMPATH\CodeIgniter.php(466): CodeIgniter\CodeIgniter->runController(Object(App\Controllers\Admin\Users))
 4 SYSTEMPATH\CodeIgniter.php(349): CodeIgniter\CodeIgniter->handleRequest(null, Object(Config\Cache), false)
 5 FCPATH\index.php(55): CodeIgniter\CodeIgniter->run()
CRITICAL - 2022-07-22 19:47:43 --> Argument 1 passed to App\Controllers\Admin\Users::searchUserOr404() must be of the type int or null, string given, called in C:\laragon\www\food\app\Controllers\Admin\Users.php on line 58
in APPPATH\Controllers\Admin\Users.php on line 74.
 1 APPPATH\Controllers\Admin\Users.php(58): App\Controllers\Admin\Users->searchUserOr404('images')
 2 SYSTEMPATH\CodeIgniter.php(896): App\Controllers\Admin\Users->show('images', 'logo.svg')
 3 SYSTEMPATH\CodeIgniter.php(466): CodeIgniter\CodeIgniter->runController(Object(App\Controllers\Admin\Users))
 4 SYSTEMPATH\CodeIgniter.php(349): CodeIgniter\CodeIgniter->handleRequest(null, Object(Config\Cache), false)
 5 FCPATH\index.php(55): CodeIgniter\CodeIgniter->run()
CRITICAL - 2022-07-22 19:47:44 --> Argument 1 passed to App\Controllers\Admin\Users::searchUserOr404() must be of the type int or null, string given, called in C:\laragon\www\food\app\Controllers\Admin\Users.php on line 58
in APPPATH\Controllers\Admin\Users.php on line 74.
 1 APPPATH\Controllers\Admin\Users.php(58): App\Controllers\Admin\Users->searchUserOr404('images')
 2 SYSTEMPATH\CodeIgniter.php(896): App\Controllers\Admin\Users->show('images', 'logo-mini.svg')
 3 SYSTEMPATH\CodeIgniter.php(466): CodeIgniter\CodeIgniter->runController(Object(App\Controllers\Admin\Users))
 4 SYSTEMPATH\CodeIgniter.php(349): CodeIgniter\CodeIgniter->handleRequest(null, Object(Config\Cache), false)
 5 FCPATH\index.php(55): CodeIgniter\CodeIgniter->run()
CRITICAL - 2022-07-22 19:47:44 --> Argument 1 passed to App\Controllers\Admin\Users::searchUserOr404() must be of the type int or null, string given, called in C:\laragon\www\food\app\Controllers\Admin\Users.php on line 58
in APPPATH\Controllers\Admin\Users.php on line 74.
 1 APPPATH\Controllers\Admin\Users.php(58): App\Controllers\Admin\Users->searchUserOr404('images')
 2 SYSTEMPATH\CodeIgniter.php(896): App\Controllers\Admin\Users->show('images', 'faces', 'face4.jpg')
 3 SYSTEMPATH\CodeIgniter.php(466): CodeIgniter\CodeIgniter->runController(Object(App\Controllers\Admin\Users))
 4 SYSTEMPATH\CodeIgniter.php(349): CodeIgniter\CodeIgniter->handleRequest(null, Object(Config\Cache), false)
 5 FCPATH\index.php(55): CodeIgniter\CodeIgniter->run()
CRITICAL - 2022-07-22 19:47:44 --> Argument 1 passed to App\Controllers\Admin\Users::searchUserOr404() must be of the type int or null, string given, called in C:\laragon\www\food\app\Controllers\Admin\Users.php on line 58
in APPPATH\Controllers\Admin\Users.php on line 74.
 1 APPPATH\Controllers\Admin\Users.php(58): App\Controllers\Admin\Users->searchUserOr404('images')
 2 SYSTEMPATH\CodeIgniter.php(896): App\Controllers\Admin\Users->show('images', 'faces', 'face3.jpg')
 3 SYSTEMPATH\CodeIgniter.php(466): CodeIgniter\CodeIgniter->runController(Object(App\Controllers\Admin\Users))
 4 SYSTEMPATH\CodeIgniter.php(349): CodeIgniter\CodeIgniter->handleRequest(null, Object(Config\Cache), false)
 5 FCPATH\index.php(55): CodeIgniter\CodeIgniter->run()
CRITICAL - 2022-07-22 19:47:44 --> Argument 1 passed to App\Controllers\Admin\Users::searchUserOr404() must be of the type int or null, string given, called in C:\laragon\www\food\app\Controllers\Admin\Users.php on line 58
in APPPATH\Controllers\Admin\Users.php on line 74.
 1 APPPATH\Controllers\Admin\Users.php(58): App\Controllers\Admin\Users->searchUserOr404('images')
 2 SYSTEMPATH\CodeIgniter.php(896): App\Controllers\Admin\Users->show('images', 'faces', 'face2.jpg')
 3 SYSTEMPATH\CodeIgniter.php(466): CodeIgniter\CodeIgniter->runController(Object(App\Controllers\Admin\Users))
 4 SYSTEMPATH\CodeIgniter.php(349): CodeIgniter\CodeIgniter->handleRequest(null, Object(Config\Cache), false)
 5 FCPATH\index.php(55): CodeIgniter\CodeIgniter->run()
CRITICAL - 2022-07-22 19:47:44 --> Argument 1 passed to App\Controllers\Admin\Users::searchUserOr404() must be of the type int or null, string given, called in C:\laragon\www\food\app\Controllers\Admin\Users.php on line 58
in APPPATH\Controllers\Admin\Users.php on line 74.
 1 APPPATH\Controllers\Admin\Users.php(58): App\Controllers\Admin\Users->searchUserOr404('images')
 2 SYSTEMPATH\CodeIgniter.php(896): App\Controllers\Admin\Users->show('images', 'faces', 'face5.jpg')
 3 SYSTEMPATH\CodeIgniter.php(466): CodeIgniter\CodeIgniter->runController(Object(App\Controllers\Admin\Users))
 4 SYSTEMPATH\CodeIgniter.php(349): CodeIgniter\CodeIgniter->handleRequest(null, Object(Config\Cache), false)
 5 FCPATH\index.php(55): CodeIgniter\CodeIgniter->run()
CRITICAL - 2022-07-22 19:48:24 --> Argument 1 passed to App\Controllers\Admin\Users::searchUserOr404() must be of the type int or null, string given, called in C:\laragon\www\food\app\Controllers\Admin\Users.php on line 58
in APPPATH\Controllers\Admin\Users.php on line 74.
 1 APPPATH\Controllers\Admin\Users.php(58): App\Controllers\Admin\Users->searchUserOr404('images')
 2 SYSTEMPATH\CodeIgniter.php(896): App\Controllers\Admin\Users->show('images', 'logo-mini.svg')
 3 SYSTEMPATH\CodeIgniter.php(466): CodeIgniter\CodeIgniter->runController(Object(App\Controllers\Admin\Users))
 4 SYSTEMPATH\CodeIgniter.php(349): CodeIgniter\CodeIgniter->handleRequest(null, Object(Config\Cache), false)
 5 FCPATH\index.php(55): CodeIgniter\CodeIgniter->run()
CRITICAL - 2022-07-22 19:48:24 --> Argument 1 passed to App\Controllers\Admin\Users::searchUserOr404() must be of the type int or null, string given, called in C:\laragon\www\food\app\Controllers\Admin\Users.php on line 58
in APPPATH\Controllers\Admin\Users.php on line 74.
 1 APPPATH\Controllers\Admin\Users.php(58): App\Controllers\Admin\Users->searchUserOr404('images')
 2 SYSTEMPATH\CodeIgniter.php(896): App\Controllers\Admin\Users->show('images', 'logo.svg')
 3 SYSTEMPATH\CodeIgniter.php(466): CodeIgniter\CodeIgniter->runController(Object(App\Controllers\Admin\Users))
 4 SYSTEMPATH\CodeIgniter.php(349): CodeIgniter\CodeIgniter->handleRequest(null, Object(Config\Cache), false)
 5 FCPATH\index.php(55): CodeIgniter\CodeIgniter->run()
CRITICAL - 2022-07-22 19:48:24 --> Argument 1 passed to App\Controllers\Admin\Users::searchUserOr404() must be of the type int or null, string given, called in C:\laragon\www\food\app\Controllers\Admin\Users.php on line 58
in APPPATH\Controllers\Admin\Users.php on line 74.
 1 APPPATH\Controllers\Admin\Users.php(58): App\Controllers\Admin\Users->searchUserOr404('images')
 2 SYSTEMPATH\CodeIgniter.php(896): App\Controllers\Admin\Users->show('images', 'faces', 'face3.jpg')
 3 SYSTEMPATH\CodeIgniter.php(466): CodeIgniter\CodeIgniter->runController(Object(App\Controllers\Admin\Users))
 4 SYSTEMPATH\CodeIgniter.php(349): CodeIgniter\CodeIgniter->handleRequest(null, Object(Config\Cache), false)
 5 FCPATH\index.php(55): CodeIgniter\CodeIgniter->run()
CRITICAL - 2022-07-22 19:48:24 --> Argument 1 passed to App\Controllers\Admin\Users::searchUserOr404() must be of the type int or null, string given, called in C:\laragon\www\food\app\Controllers\Admin\Users.php on line 58
in APPPATH\Controllers\Admin\Users.php on line 74.
 1 APPPATH\Controllers\Admin\Users.php(58): App\Controllers\Admin\Users->searchUserOr404('images')
 2 SYSTEMPATH\CodeIgniter.php(896): App\Controllers\Admin\Users->show('images', 'faces', 'face2.jpg')
 3 SYSTEMPATH\CodeIgniter.php(466): CodeIgniter\CodeIgniter->runController(Object(App\Controllers\Admin\Users))
 4 SYSTEMPATH\CodeIgniter.php(349): CodeIgniter\CodeIgniter->handleRequest(null, Object(Config\Cache), false)
 5 FCPATH\index.php(55): CodeIgniter\CodeIgniter->run()
CRITICAL - 2022-07-22 19:48:24 --> Argument 1 passed to App\Controllers\Admin\Users::searchUserOr404() must be of the type int or null, string given, called in C:\laragon\www\food\app\Controllers\Admin\Users.php on line 58
in APPPATH\Controllers\Admin\Users.php on line 74.
 1 APPPATH\Controllers\Admin\Users.php(58): App\Controllers\Admin\Users->searchUserOr404('images')
 2 SYSTEMPATH\CodeIgniter.php(896): App\Controllers\Admin\Users->show('images', 'faces', 'face4.jpg')
 3 SYSTEMPATH\CodeIgniter.php(466): CodeIgniter\CodeIgniter->runController(Object(App\Controllers\Admin\Users))
 4 SYSTEMPATH\CodeIgniter.php(349): CodeIgniter\CodeIgniter->handleRequest(null, Object(Config\Cache), false)
 5 FCPATH\index.php(55): CodeIgniter\CodeIgniter->run()
CRITICAL - 2022-07-22 19:48:24 --> Argument 1 passed to App\Controllers\Admin\Users::searchUserOr404() must be of the type int or null, string given, called in C:\laragon\www\food\app\Controllers\Admin\Users.php on line 58
in APPPATH\Controllers\Admin\Users.php on line 74.
 1 APPPATH\Controllers\Admin\Users.php(58): App\Controllers\Admin\Users->searchUserOr404('images')
 2 SYSTEMPATH\CodeIgniter.php(896): App\Controllers\Admin\Users->show('images', 'faces', 'face5.jpg')
 3 SYSTEMPATH\CodeIgniter.php(466): CodeIgniter\CodeIgniter->runController(Object(App\Controllers\Admin\Users))
 4 SYSTEMPATH\CodeIgniter.php(349): CodeIgniter\CodeIgniter->handleRequest(null, Object(Config\Cache), false)
 5 FCPATH\index.php(55): CodeIgniter\CodeIgniter->run()
CRITICAL - 2022-07-22 19:52:21 --> Argument 1 passed to App\Controllers\Admin\Users::searchUserOr404() must be of the type int or null, string given, called in C:\laragon\www\food\app\Controllers\Admin\Users.php on line 58
in APPPATH\Controllers\Admin\Users.php on line 74.
 1 APPPATH\Controllers\Admin\Users.php(58): App\Controllers\Admin\Users->searchUserOr404('images')
 2 SYSTEMPATH\CodeIgniter.php(896): App\Controllers\Admin\Users->show('images', 'logo-mini.svg')
 3 SYSTEMPATH\CodeIgniter.php(466): CodeIgniter\CodeIgniter->runController(Object(App\Controllers\Admin\Users))
 4 SYSTEMPATH\CodeIgniter.php(349): CodeIgniter\CodeIgniter->handleRequest(null, Object(Config\Cache), false)
 5 FCPATH\index.php(55): CodeIgniter\CodeIgniter->run()
CRITICAL - 2022-07-22 19:52:22 --> Argument 1 passed to App\Controllers\Admin\Users::searchUserOr404() must be of the type int or null, string given, called in C:\laragon\www\food\app\Controllers\Admin\Users.php on line 58
in APPPATH\Controllers\Admin\Users.php on line 74.
 1 APPPATH\Controllers\Admin\Users.php(58): App\Controllers\Admin\Users->searchUserOr404('images')
 2 SYSTEMPATH\CodeIgniter.php(896): App\Controllers\Admin\Users->show('images', 'faces', 'face4.jpg')
 3 SYSTEMPATH\CodeIgniter.php(466): CodeIgniter\CodeIgniter->runController(Object(App\Controllers\Admin\Users))
 4 SYSTEMPATH\CodeIgniter.php(349): CodeIgniter\CodeIgniter->handleRequest(null, Object(Config\Cache), false)
 5 FCPATH\index.php(55): CodeIgniter\CodeIgniter->run()
CRITICAL - 2022-07-22 19:52:22 --> Argument 1 passed to App\Controllers\Admin\Users::searchUserOr404() must be of the type int or null, string given, called in C:\laragon\www\food\app\Controllers\Admin\Users.php on line 58
in APPPATH\Controllers\Admin\Users.php on line 74.
 1 APPPATH\Controllers\Admin\Users.php(58): App\Controllers\Admin\Users->searchUserOr404('images')
 2 SYSTEMPATH\CodeIgniter.php(896): App\Controllers\Admin\Users->show('images', 'logo.svg')
 3 SYSTEMPATH\CodeIgniter.php(466): CodeIgniter\CodeIgniter->runController(Object(App\Controllers\Admin\Users))
 4 SYSTEMPATH\CodeIgniter.php(349): CodeIgniter\CodeIgniter->handleRequest(null, Object(Config\Cache), false)
 5 FCPATH\index.php(55): CodeIgniter\CodeIgniter->run()
CRITICAL - 2022-07-22 19:52:22 --> Argument 1 passed to App\Controllers\Admin\Users::searchUserOr404() must be of the type int or null, string given, called in C:\laragon\www\food\app\Controllers\Admin\Users.php on line 58
in APPPATH\Controllers\Admin\Users.php on line 74.
 1 APPPATH\Controllers\Admin\Users.php(58): App\Controllers\Admin\Users->searchUserOr404('images')
 2 SYSTEMPATH\CodeIgniter.php(896): App\Controllers\Admin\Users->show('images', 'faces', 'face2.jpg')
 3 SYSTEMPATH\CodeIgniter.php(466): CodeIgniter\CodeIgniter->runController(Object(App\Controllers\Admin\Users))
 4 SYSTEMPATH\CodeIgniter.php(349): CodeIgniter\CodeIgniter->handleRequest(null, Object(Config\Cache), false)
 5 FCPATH\index.php(55): CodeIgniter\CodeIgniter->run()
CRITICAL - 2022-07-22 19:52:22 --> Argument 1 passed to App\Controllers\Admin\Users::searchUserOr404() must be of the type int or null, string given, called in C:\laragon\www\food\app\Controllers\Admin\Users.php on line 58
in APPPATH\Controllers\Admin\Users.php on line 74.
 1 APPPATH\Controllers\Admin\Users.php(58): App\Controllers\Admin\Users->searchUserOr404('images')
 2 SYSTEMPATH\CodeIgniter.php(896): App\Controllers\Admin\Users->show('images', 'faces', 'face5.jpg')
 3 SYSTEMPATH\CodeIgniter.php(466): CodeIgniter\CodeIgniter->runController(Object(App\Controllers\Admin\Users))
 4 SYSTEMPATH\CodeIgniter.php(349): CodeIgniter\CodeIgniter->handleRequest(null, Object(Config\Cache), false)
 5 FCPATH\index.php(55): CodeIgniter\CodeIgniter->run()
CRITICAL - 2022-07-22 19:52:22 --> Argument 1 passed to App\Controllers\Admin\Users::searchUserOr404() must be of the type int or null, string given, called in C:\laragon\www\food\app\Controllers\Admin\Users.php on line 58
in APPPATH\Controllers\Admin\Users.php on line 74.
 1 APPPATH\Controllers\Admin\Users.php(58): App\Controllers\Admin\Users->searchUserOr404('images')
 2 SYSTEMPATH\CodeIgniter.php(896): App\Controllers\Admin\Users->show('images', 'faces', 'face3.jpg')
 3 SYSTEMPATH\CodeIgniter.php(466): CodeIgniter\CodeIgniter->runController(Object(App\Controllers\Admin\Users))
 4 SYSTEMPATH\CodeIgniter.php(349): CodeIgniter\CodeIgniter->handleRequest(null, Object(Config\Cache), false)
 5 FCPATH\index.php(55): CodeIgniter\CodeIgniter->run()
